[0mCMake Deprecation Warning at CMakeLists.txt:1 (cmake_minimum_required):
  Compatibility with CMake < 3.10 will be removed from a future version of
  CMake.

  Update the VERSION argument <min> value.  Or, use the <min>...<max> syntax
  to tell CMake that the project requires at least <min> but has been updated
  to work with policies introduced by <max> or earlier.

[0m
-- The C compiler identification is GNU 11.4.0
-- The CXX compiler identification is GNU 11.4.0
-- Detecting C compiler ABI info
-- Detecting C compiler ABI info - done
-- Check for working C compiler: /usr/lib/ccache/gcc - skipped
-- Detecting C compile features
-- Detecting C compile features - done
-- Detecting CXX compiler ABI info
-- Detecting CXX compiler ABI info - done
-- Check for working CXX compiler: /usr/lib/ccache/g++ - skipped
-- Detecting CXX compile features
-- Detecting CXX compile features - done
-- cuda not found!
[0m=============================================================[0m
[0m-- ROS_VERSION is 2[0m
[0m=============================================================[0m
-- Found Python3: /usr/bin/python3 (found version "3.10.12") found components: Interpreter
-- Found rosidl_generator_c: 3.1.6 (/opt/ros/humble/share/rosidl_generator_c/cmake)
-- Found rosidl_adapter: 3.1.6 (/opt/ros/humble/share/rosidl_adapter/cmake)
-- Found rosidl_generator_cpp: 3.1.6 (/opt/ros/humble/share/rosidl_generator_cpp/cmake)
-- Using all available rosidl_typesupport_c: rosidl_typesupport_fastrtps_c;rosidl_typesupport_introspection_c
-- Using all available rosidl_typesupport_cpp: rosidl_typesupport_fastrtps_cpp;rosidl_typesupport_introspection_cpp
-- Found rmw_implementation_cmake: 6.1.2 (/opt/ros/humble/share/rmw_implementation_cmake/cmake)
-- Found rmw_cyclonedds_cpp: 1.3.4 (/opt/ros/humble/share/rmw_cyclonedds_cpp/cmake)
-- Using RMW implementation 'rmw_cyclonedds_cpp' as default
-- Performing Test CMAKE_HAVE_LIBC_PTHREAD
-- Performing Test CMAKE_HAVE_LIBC_PTHREAD - Success
-- Found Threads: TRUE
[0m=============================================================[0m
[0m-- ROS2 Found. ROS2 Support is turned On.[0m
[0m=============================================================[0m
-- Found sensor_msgs: 4.2.4 (/opt/ros/humble/share/sensor_msgs/cmake)
-- Found rclcpp_action: 16.0.11 (/opt/ros/humble/share/rclcpp_action/cmake)
-- Found rosidl_default_generators: 1.2.0 (/opt/ros/humble/share/rosidl_default_generators/cmake)
-- Found ament_cmake_ros: 0.10.0 (/opt/ros/humble/share/ament_cmake_ros/cmake)
-- Using all available rosidl_typesupport_c: rosidl_typesupport_fastrtps_c;rosidl_typesupport_introspection_c
-- Using all available rosidl_typesupport_cpp: rosidl_typesupport_fastrtps_cpp;rosidl_typesupport_introspection_cpp
[33mCMake Warning (dev) at /opt/ros/humble/share/rosidl_generator_py/cmake/rosidl_generator_py_generate_interfaces.cmake:20 (find_package):
  Policy CMP0148 is not set: The FindPythonInterp and FindPythonLibs modules
  are removed.  Run "cmake --help-policy CMP0148" for policy details.  Use
  the cmake_policy command to set the policy and suppress this warning.

Call Stack (most recent call first):
  /opt/ros/humble/share/ament_cmake_core/cmake/core/ament_execute_extensions.cmake:48 (include)
  /opt/ros/humble/share/rosidl_cmake/cmake/rosidl_generate_interfaces.cmake:286 (ament_execute_extensions)
  CMakeLists.txt:141 (rosidl_generate_interfaces)
This warning is for project developers.  Use -Wno-dev to suppress it.
[0m
-- Found PythonInterp: /usr/bin/python3 (found suitable version "3.10.12", minimum required is "3.6")
-- Found python_cmake_module: 0.10.0 (/opt/ros/humble/share/python_cmake_module/cmake)
[33mCMake Warning (dev) at /opt/ros/humble/share/python_cmake_module/cmake/Modules/FindPythonExtra.cmake:52 (find_package):
  Policy CMP0148 is not set: The FindPythonInterp and FindPythonLibs modules
  are removed.  Run "cmake --help-policy CMP0148" for policy details.  Use
  the cmake_policy command to set the policy and suppress this warning.

Call Stack (most recent call first):
  /opt/ros/humble/share/rosidl_generator_py/cmake/rosidl_generator_py_generate_interfaces.cmake:23 (find_package)
  /opt/ros/humble/share/ament_cmake_core/cmake/core/ament_execute_extensions.cmake:48 (include)
  /opt/ros/humble/share/rosidl_cmake/cmake/rosidl_generate_interfaces.cmake:286 (ament_execute_extensions)
  CMakeLists.txt:141 (rosidl_generate_interfaces)
This warning is for project developers.  Use -Wno-dev to suppress it.
[0m
[33mCMake Warning (dev) at /opt/ros/humble/share/python_cmake_module/cmake/Modules/FindPythonExtra.cmake:140 (find_package):
  Policy CMP0148 is not set: The FindPythonInterp and FindPythonLibs modules
  are removed.  Run "cmake --help-policy CMP0148" for policy details.  Use
  the cmake_policy command to set the policy and suppress this warning.

Call Stack (most recent call first):
  /opt/ros/humble/share/rosidl_generator_py/cmake/rosidl_generator_py_generate_interfaces.cmake:23 (find_package)
  /opt/ros/humble/share/ament_cmake_core/cmake/core/ament_execute_extensions.cmake:48 (include)
  /opt/ros/humble/share/rosidl_cmake/cmake/rosidl_generate_interfaces.cmake:286 (ament_execute_extensions)
  CMakeLists.txt:141 (rosidl_generate_interfaces)
This warning is for project developers.  Use -Wno-dev to suppress it.
[0m
-- Found PythonLibs: /usr/lib/x86_64-linux-gnu/libpython3.10.so (found suitable version "3.10.12", minimum required is "3.5")
-- Using PYTHON_EXECUTABLE: /usr/bin/python3
-- Using PYTHON_INCLUDE_DIRS: /usr/include/python3.10
-- Using PYTHON_LIBRARIES: /usr/lib/x86_64-linux-gnu/libpython3.10.so
-- Found PythonExtra: .so
[0mCMake Deprecation Warning at src/driver/HesaiLidar_SDK_2.0/CMakeLists.txt:1 (cmake_minimum_required):
  Compatibility with CMake < 3.10 will be removed from a future version of
  CMake.

  Update the VERSION argument <min> value.  Or, use the <min>...<max> syntax
  to tell CMake that the project requires at least <min> but has been updated
  to work with policies introduced by <max> or earlier.

[0m
[0mCMake Deprecation Warning at src/driver/HesaiLidar_SDK_2.0/libhesai/CMakeLists.txt:5 (cmake_minimum_required):
  Compatibility with CMake < 3.10 will be removed from a future version of
  CMake.

  Update the VERSION argument <min> value.  Or, use the <min>...<max> syntax
  to tell CMake that the project requires at least <min> but has been updated
  to work with policies introduced by <max> or earlier.

[0m
-- Found OpenSSL: /usr/lib/x86_64-linux-gnu/libcrypto.so (found version "3.0.2")
[33mCMake Warning (dev) at CMakeLists.txt:175 (find_package):
  Policy CMP0167 is not set: The FindBoost module is removed.  Run "cmake
  --help-policy CMP0167" for policy details.  Use the cmake_policy command to
  set the policy and suppress this warning.

This warning is for project developers.  Use -Wno-dev to suppress it.
[0m
-- Found Boost: /usr/lib/x86_64-linux-gnu/cmake/Boost-1.74.0/BoostConfig.cmake (found version "1.74.0") found components: thread
-- Configuring done (4.6s)
-- Generating done (0.0s)
-- Build files have been written to: /home/khj/25project_ws/ros2/build/hesai_ros_driver
[  1%] [34m[1mGenerating C code for ROS interfaces[0m
[  2%] [34m[1mGenerating C++ code for ROS interfaces[0m
[  3%] [32mBuilding CXX object src/driver/HesaiLidar_SDK_2.0/libhesai/CMakeFiles/log_lib.dir/Logger/src/logger.cc.o[0m
[  3%] Built target ament_cmake_python_copy_hesai_ros_driver
running egg_info
creating hesai_ros_driver.egg-info
writing manifest file 'hesai_ros_driver.egg-info/SOURCES.txt'
writing manifest file 'hesai_ros_driver.egg-info/SOURCES.txt'
[  3%] Built target ament_cmake_python_build_hesai_ros_driver_egg
[  3%] Built target hesai_ros_driver__cpp
[  4%] [34m[1mGenerating C++ type support dispatch for ROS interfaces[0m
[  5%] [34m[1mGenerating C++ introspection for ROS interfaces[0m
[  6%] [34m[1mGenerating C++ type support for eProsima Fast-RTPS[0m
[  8%] [32mBuilding C object CMakeFiles/hesai_ros_driver__rosidl_generator_c.dir/rosidl_generator_c/hesai_ros_driver/msg/detail/udp_packet__functions.c.o[0m
[  8%] [32mBuilding C object CMakeFiles/hesai_ros_driver__rosidl_generator_c.dir/rosidl_generator_c/hesai_ros_driver/msg/detail/firetime__functions.c.o[0m
[  9%] [32mBuilding C object CMakeFiles/hesai_ros_driver__rosidl_generator_c.dir/rosidl_generator_c/hesai_ros_driver/msg/detail/udp_frame__functions.c.o[0m
[ 10%] [32mBuilding C object CMakeFiles/hesai_ros_driver__rosidl_generator_c.dir/rosidl_generator_c/hesai_ros_driver/msg/detail/ptp__functions.c.o[0m
[ 11%] [32mBuilding C object CMakeFiles/hesai_ros_driver__rosidl_generator_c.dir/rosidl_generator_c/hesai_ros_driver/msg/detail/loss_packet__functions.c.o[0m
[ 12%] [32m[1mLinking CXX shared library liblog_lib.so[0m
[ 13%] [32m[1mLinking C shared library libhesai_ros_driver__rosidl_generator_c.so[0m
[ 13%] Built target log_lib
[ 13%] Built target hesai_ros_driver__rosidl_generator_c
[ 14%] [34m[1mGenerating C type support for eProsima Fast-RTPS[0m
[ 15%] [34m[1mGenerating C introspection for ROS interfaces[0m
[ 17%] [34m[1mGenerating C type support dispatch for ROS interfaces[0m
[ 18%] [32mBuilding CXX object src/driver/HesaiLidar_SDK_2.0/libhesai/CMakeFiles/platutils_lib.dir/Common/src/plat_utils.cc.o[0m
[ 19%] [32mBuilding CXX object src/driver/HesaiLidar_SDK_2.0/libhesai/CMakeFiles/platutils_lib.dir/Common/src/auto_tick_count.cc.o[0m
[ 20%] [32mBuilding CXX object CMakeFiles/hesai_ros_driver__rosidl_typesupport_cpp.dir/rosidl_typesupport_cpp/hesai_ros_driver/msg/udp_packet__type_support.cpp.o[0m
[ 21%] [32mBuilding CXX object CMakeFiles/hesai_ros_driver__rosidl_typesupport_cpp.dir/rosidl_typesupport_cpp/hesai_ros_driver/msg/udp_frame__type_support.cpp.o[0m
[ 22%] [32mBuilding CXX object CMakeFiles/hesai_ros_driver__rosidl_typesupport_cpp.dir/rosidl_typesupport_cpp/hesai_ros_driver/msg/firetime__type_support.cpp.o[0m
[ 23%] [32mBuilding CXX object CMakeFiles/hesai_ros_driver__rosidl_typesupport_cpp.dir/rosidl_typesupport_cpp/hesai_ros_driver/msg/ptp__type_support.cpp.o[0m
[ 24%] [32mBuilding CXX object CMakeFiles/hesai_ros_driver__rosidl_typesupport_cpp.dir/rosidl_typesupport_cpp/hesai_ros_driver/msg/loss_packet__type_support.cpp.o[0m
[ 25%] [32mBuilding CXX object CMakeFiles/hesai_ros_driver__rosidl_typesupport_introspection_cpp.dir/rosidl_typesupport_introspection_cpp/hesai_ros_driver/msg/detail/udp_frame__type_support.cpp.o[0m
[ 26%] [32mBuilding CXX object CMakeFiles/hesai_ros_driver__rosidl_typesupport_introspection_cpp.dir/rosidl_typesupport_introspection_cpp/hesai_ros_driver/msg/detail/udp_packet__type_support.cpp.o[0m
[ 27%] [32mBuilding CXX object CMakeFiles/hesai_ros_driver__rosidl_typesupport_introspection_cpp.dir/rosidl_typesupport_introspection_cpp/hesai_ros_driver/msg/detail/ptp__type_support.cpp.o[0m
[ 28%] [32mBuilding CXX object CMakeFiles/hesai_ros_driver__rosidl_typesupport_introspection_cpp.dir/rosidl_typesupport_introspection_cpp/hesai_ros_driver/msg/detail/firetime__type_support.cpp.o[0m
[ 29%] [32mBuilding CXX object CMakeFiles/hesai_ros_driver__rosidl_typesupport_introspection_cpp.dir/rosidl_typesupport_introspection_cpp/hesai_ros_driver/msg/detail/loss_packet__type_support.cpp.o[0m
[ 30%] [32mBuilding CXX object CMakeFiles/hesai_ros_driver__rosidl_typesupport_fastrtps_cpp.dir/rosidl_typesupport_fastrtps_cpp/hesai_ros_driver/msg/detail/dds_fastrtps/udp_packet__type_support.cpp.o[0m
[ 31%] [32mBuilding CXX object CMakeFiles/hesai_ros_driver__rosidl_typesupport_fastrtps_cpp.dir/rosidl_typesupport_fastrtps_cpp/hesai_ros_driver/msg/detail/dds_fastrtps/loss_packet__type_support.cpp.o[0m
[ 32%] [32mBuilding CXX object CMakeFiles/hesai_ros_driver__rosidl_typesupport_fastrtps_cpp.dir/rosidl_typesupport_fastrtps_cpp/hesai_ros_driver/msg/detail/dds_fastrtps/firetime__type_support.cpp.o[0m
[ 34%] [32mBuilding CXX object CMakeFiles/hesai_ros_driver__rosidl_typesupport_fastrtps_cpp.dir/rosidl_typesupport_fastrtps_cpp/hesai_ros_driver/msg/detail/dds_fastrtps/udp_frame__type_support.cpp.o[0m
[ 35%] [32mBuilding CXX object CMakeFiles/hesai_ros_driver__rosidl_typesupport_fastrtps_cpp.dir/rosidl_typesupport_fastrtps_cpp/hesai_ros_driver/msg/detail/dds_fastrtps/ptp__type_support.cpp.o[0m
[ 36%] [32mBuilding CXX object CMakeFiles/hesai_ros_driver__rosidl_typesupport_c.dir/rosidl_typesupport_c/hesai_ros_driver/msg/loss_packet__type_support.cpp.o[0m
[ 38%] [32mBuilding CXX object CMakeFiles/hesai_ros_driver__rosidl_typesupport_c.dir/rosidl_typesupport_c/hesai_ros_driver/msg/udp_packet__type_support.cpp.o[0m
[ 38%] [32mBuilding CXX object CMakeFiles/hesai_ros_driver__rosidl_typesupport_c.dir/rosidl_typesupport_c/hesai_ros_driver/msg/udp_frame__type_support.cpp.o[0m
[ 39%] [32mBuilding CXX object CMakeFiles/hesai_ros_driver__rosidl_typesupport_c.dir/rosidl_typesupport_c/hesai_ros_driver/msg/ptp__type_support.cpp.o[0m
[ 40%] [32mBuilding CXX object CMakeFiles/hesai_ros_driver__rosidl_typesupport_c.dir/rosidl_typesupport_c/hesai_ros_driver/msg/firetime__type_support.cpp.o[0m
[ 41%] [32mBuilding CXX object CMakeFiles/hesai_ros_driver__rosidl_typesupport_fastrtps_c.dir/rosidl_typesupport_fastrtps_c/hesai_ros_driver/msg/detail/udp_packet__type_support_c.cpp.o[0m
[ 42%] [32mBuilding CXX object CMakeFiles/hesai_ros_driver__rosidl_typesupport_fastrtps_c.dir/rosidl_typesupport_fastrtps_c/hesai_ros_driver/msg/detail/udp_frame__type_support_c.cpp.o[0m
[ 44%] [32mBuilding CXX object CMakeFiles/hesai_ros_driver__rosidl_typesupport_fastrtps_c.dir/rosidl_typesupport_fastrtps_c/hesai_ros_driver/msg/detail/firetime__type_support_c.cpp.o[0m
[ 44%] [32mBuilding CXX object CMakeFiles/hesai_ros_driver__rosidl_typesupport_fastrtps_c.dir/rosidl_typesupport_fastrtps_c/hesai_ros_driver/msg/detail/loss_packet__type_support_c.cpp.o[0m
[ 45%] [32mBuilding CXX object CMakeFiles/hesai_ros_driver__rosidl_typesupport_fastrtps_c.dir/rosidl_typesupport_fastrtps_c/hesai_ros_driver/msg/detail/ptp__type_support_c.cpp.o[0m
[ 46%] [32m[1mLinking CXX shared library libhesai_ros_driver__rosidl_typesupport_c.so[0m
[ 46%] Built target hesai_ros_driver__rosidl_typesupport_c
[ 47%] [32mBuilding C object CMakeFiles/hesai_ros_driver__rosidl_typesupport_introspection_c.dir/rosidl_typesupport_introspection_c/hesai_ros_driver/msg/detail/udp_packet__type_support.c.o[0m
[ 48%] [32mBuilding C object CMakeFiles/hesai_ros_driver__rosidl_typesupport_introspection_c.dir/rosidl_typesupport_introspection_c/hesai_ros_driver/msg/detail/udp_frame__type_support.c.o[0m
[ 50%] [32mBuilding C object CMakeFiles/hesai_ros_driver__rosidl_typesupport_introspection_c.dir/rosidl_typesupport_introspection_c/hesai_ros_driver/msg/detail/firetime__type_support.c.o[0m
[ 52%] [32mBuilding C object CMakeFiles/hesai_ros_driver__rosidl_typesupport_introspection_c.dir/rosidl_typesupport_introspection_c/hesai_ros_driver/msg/detail/ptp__type_support.c.o[0m
[ 52%] [32mBuilding C object CMakeFiles/hesai_ros_driver__rosidl_typesupport_introspection_c.dir/rosidl_typesupport_introspection_c/hesai_ros_driver/msg/detail/loss_packet__type_support.c.o[0m
[ 53%] [32m[1mLinking C shared library libhesai_ros_driver__rosidl_typesupport_introspection_c.so[0m
[ 54%] [32m[1mLinking CXX shared library libhesai_ros_driver__rosidl_typesupport_cpp.so[0m
[ 54%] Built target hesai_ros_driver__rosidl_typesupport_introspection_c
[ 54%] Built target hesai_ros_driver__rosidl_typesupport_cpp
[ 55%] [32m[1mLinking CXX shared library libhesai_ros_driver__rosidl_typesupport_fastrtps_cpp.so[0m
[ 56%] [32m[1mLinking CXX shared library libhesai_ros_driver__rosidl_typesupport_introspection_cpp.so[0m
[ 56%] Built target hesai_ros_driver__rosidl_typesupport_fastrtps_cpp
[ 56%] Built target hesai_ros_driver__rosidl_typesupport_introspection_cpp
[ 57%] [32m[1mLinking CXX shared library libhesai_ros_driver__rosidl_typesupport_fastrtps_c.so[0m
[ 57%] Built target hesai_ros_driver__rosidl_typesupport_fastrtps_c
[ 57%] Built target hesai_ros_driver
[ 58%] [34m[1mGenerating Python code for ROS interfaces[0m
[ 59%] [32m[1mLinking CXX shared library libplatutils_lib.so[0m
[ 59%] Built target platutils_lib
[ 60%] [32mBuilding CXX object src/driver/HesaiLidar_SDK_2.0/libhesai/CMakeFiles/udpParser_lib.dir/UdpParser/udp_parser.cc.o[0m
[ 61%] [32mBuilding CXX object src/driver/HesaiLidar_SDK_2.0/libhesai/CMakeFiles/ptcClient_lib.dir/PtcParser/ptc_parser.cc.o[0m
[ 62%] [32mBuilding CXX object src/driver/HesaiLidar_SDK_2.0/libhesai/CMakeFiles/ptcClient_lib.dir/PtcParser/src/ptc_1_0_parser.cc.o[0m
[ 63%] [32mBuilding CXX object src/driver/HesaiLidar_SDK_2.0/libhesai/CMakeFiles/ptcClient_lib.dir/PtcClient/src/tcp_ssl_client.cc.o[0m
[ 64%] [32mBuilding CXX object src/driver/HesaiLidar_SDK_2.0/libhesai/CMakeFiles/source_lib.dir/Source/src/pcap_saver.cc.o[0m
[ 67%] [32mBuilding CXX object src/driver/HesaiLidar_SDK_2.0/libhesai/CMakeFiles/source_lib.dir/Source/src/tcp_source.cc.o[0m
[ 67%] [32mBuilding CXX object src/driver/HesaiLidar_SDK_2.0/libhesai/CMakeFiles/ptcClient_lib.dir/PtcClient/src/ptc_client.cc.o[0m
[ 68%] [32mBuilding CXX object src/driver/HesaiLidar_SDK_2.0/libhesai/CMakeFiles/ptcClient_lib.dir/PtcClient/src/tcp_client.cc.o[0m
[ 69%] [32mBuilding CXX object src/driver/HesaiLidar_SDK_2.0/libhesai/CMakeFiles/ptcClient_lib.dir/PtcParser/src/general_ptc_parser.cc.o[0m
[ 70%] [32mBuilding CXX object src/driver/HesaiLidar_SDK_2.0/libhesai/CMakeFiles/source_lib.dir/Source/src/pcap_source.cc.o[0m
[ 71%] [32mBuilding CXX object src/driver/HesaiLidar_SDK_2.0/libhesai/CMakeFiles/source_lib.dir/Source/src/source.cc.o[0m
[ 73%] [32mBuilding CXX object src/driver/HesaiLidar_SDK_2.0/libhesai/CMakeFiles/source_lib.dir/Source/src/socket_source.cc.o[0m
[ 73%] [32mBuilding CXX object src/driver/HesaiLidar_SDK_2.0/libhesai/CMakeFiles/source_lib.dir/Source/src/serial_source.cc.o[0m
[ 74%] [32mBuilding CXX object src/driver/HesaiLidar_SDK_2.0/libhesai/CMakeFiles/ptcClient_lib.dir/PtcParser/src/ptc_2_0_parser.cc.o[0m
[ 74%] Built target hesai_ros_driver__py
[ 75%] [32mBuilding C object CMakeFiles/hesai_ros_driver__rosidl_generator_py.dir/rosidl_generator_py/hesai_ros_driver/msg/_loss_packet_s.c.o[0m
[ 76%] [32mBuilding C object CMakeFiles/hesai_ros_driver__rosidl_generator_py.dir/rosidl_generator_py/hesai_ros_driver/msg/_udp_packet_s.c.o[0m
[ 77%] [32mBuilding C object CMakeFiles/hesai_ros_driver__rosidl_generator_py.dir/rosidl_generator_py/hesai_ros_driver/msg/_udp_frame_s.c.o[0m
[ 78%] [32mBuilding C object CMakeFiles/hesai_ros_driver__rosidl_generator_py.dir/rosidl_generator_py/hesai_ros_driver/msg/_firetime_s.c.o[0m
[ 79%] [32mBuilding C object CMakeFiles/hesai_ros_driver__rosidl_generator_py.dir/rosidl_generator_py/hesai_ros_driver/msg/_ptp_s.c.o[0m
[ 80%] [32m[1mLinking CXX shared library libudpParser_lib.so[0m
[ 80%] Built target udpParser_lib
[ 81%] [32m[1mLinking C shared library rosidl_generator_py/hesai_ros_driver/libhesai_ros_driver__rosidl_generator_py.so[0m
[ 81%] Built target hesai_ros_driver__rosidl_generator_py
[ 82%] [32mBuilding C object CMakeFiles/hesai_ros_driver__rosidl_typesupport_c__pyext.dir/rosidl_generator_py/hesai_ros_driver/_hesai_ros_driver_s.ep.rosidl_typesupport_c.c.o[0m
[ 84%] [32mBuilding C object CMakeFiles/hesai_ros_driver__rosidl_typesupport_fastrtps_c__pyext.dir/rosidl_generator_py/hesai_ros_driver/_hesai_ros_driver_s.ep.rosidl_typesupport_fastrtps_c.c.o[0m
[ 85%] [32mBuilding C object CMakeFiles/hesai_ros_driver__rosidl_typesupport_introspection_c__pyext.dir/rosidl_generator_py/hesai_ros_driver/_hesai_ros_driver_s.ep.rosidl_typesupport_introspection_c.c.o[0m
[ 86%] [32m[1mLinking CXX shared library libsource_lib.so[0m
[ 86%] Built target source_lib
[ 87%] [32mBuilding CXX object src/driver/HesaiLidar_SDK_2.0/libhesai/CMakeFiles/serialClient_lib.dir/SerialClient/src/serial_client.cc.o[0m
[ 88%] [32m[1mLinking C shared library rosidl_generator_py/hesai_ros_driver/hesai_ros_driver_s__rosidl_typesupport_introspection_c.cpython-310-x86_64-linux-gnu.so[0m
[ 89%] [32m[1mLinking C shared library rosidl_generator_py/hesai_ros_driver/hesai_ros_driver_s__rosidl_typesupport_fastrtps_c.cpython-310-x86_64-linux-gnu.so[0m
[ 90%] [32m[1mLinking C shared library rosidl_generator_py/hesai_ros_driver/hesai_ros_driver_s__rosidl_typesupport_c.cpython-310-x86_64-linux-gnu.so[0m
[ 90%] Built target hesai_ros_driver__rosidl_typesupport_fastrtps_c__pyext
[ 90%] Built target hesai_ros_driver__rosidl_typesupport_c__pyext
[ 90%] Built target hesai_ros_driver__rosidl_typesupport_introspection_c__pyext
[ 91%] [32m[1mLinking CXX shared library libptcClient_lib.so[0m
[ 91%] Built target ptcClient_lib
[ 92%] [32m[1mLinking CXX shared library libserialClient_lib.so[0m
[ 92%] Built target serialClient_lib
[ 93%] [32mBuilding CXX object src/driver/HesaiLidar_SDK_2.0/libhesai/CMakeFiles/lidar_lib.dir/Lidar/lidar.cc.o[0m
[ 94%] [32m[1mLinking CXX shared library liblidar_lib.so[0m
[ 94%] Built target lidar_lib
[ 95%] [32mBuilding CXX object src/driver/HesaiLidar_SDK_2.0/CMakeFiles/hesai_sdk_lib.dir/driver/hesai_lidar_sdk.cc.o[0m
[ 96%] [32m[1mLinking CXX shared library libhesai_sdk_lib.so[0m
[ 96%] Built target hesai_sdk_lib
[ 97%] [32mBuilding CXX object CMakeFiles/hesai_ros_driver_node.dir/node/hesai_ros_driver_node.cc.o[0m
[ 98%] [32mBuilding CXX object CMakeFiles/hesai_ros_driver_node.dir/src/manager/node_manager.cc.o[0m
[100%] [32m[1mLinking CXX executable hesai_ros_driver_node[0m
[100%] Built target hesai_ros_driver_node
-- Install configuration: "Release"
-- Installing: /home/khj/25project_ws/ros2/install/hesai_ros_driver/share/ament_index/resource_index/rosidl_interfaces/hesai_ros_driver
-- Installing: /home/khj/25project_ws/ros2/install/hesai_ros_driver/include/hesai_ros_driver/hesai_ros_driver
-- Installing: /home/khj/25project_ws/ros2/install/hesai_ros_driver/include/hesai_ros_driver/hesai_ros_driver/msg
-- Installing: /home/khj/25project_ws/ros2/install/hesai_ros_driver/include/hesai_ros_driver/hesai_ros_driver/msg/udp_packet.h
-- Installing: /home/khj/25project_ws/ros2/install/hesai_ros_driver/include/hesai_ros_driver/hesai_ros_driver/msg/udp_frame.h
-- Installing: /home/khj/25project_ws/ros2/install/hesai_ros_driver/include/hesai_ros_driver/hesai_ros_driver/msg/ptp.h
-- Installing: /home/khj/25project_ws/ros2/install/hesai_ros_driver/include/hesai_ros_driver/hesai_ros_driver/msg/firetime.h
-- Installing: /home/khj/25project_ws/ros2/install/hesai_ros_driver/include/hesai_ros_driver/hesai_ros_driver/msg/rosidl_generator_c__visibility_control.h
-- Installing: /home/khj/25project_ws/ros2/install/hesai_ros_driver/include/hesai_ros_driver/hesai_ros_driver/msg/detail
-- Installing: /home/khj/25project_ws/ros2/install/hesai_ros_driver/include/hesai_ros_driver/hesai_ros_driver/msg/detail/firetime__functions.c
-- Installing: /home/khj/25project_ws/ros2/install/hesai_ros_driver/include/hesai_ros_driver/hesai_ros_driver/msg/detail/loss_packet__type_support.h
-- Installing: /home/khj/25project_ws/ros2/install/hesai_ros_driver/include/hesai_ros_driver/hesai_ros_driver/msg/detail/udp_packet__type_support.h
-- Installing: /home/khj/25project_ws/ros2/install/hesai_ros_driver/include/hesai_ros_driver/hesai_ros_driver/msg/detail/loss_packet__functions.c
-- Installing: /home/khj/25project_ws/ros2/install/hesai_ros_driver/include/hesai_ros_driver/hesai_ros_driver/msg/detail/firetime__type_support.h
-- Installing: /home/khj/25project_ws/ros2/install/hesai_ros_driver/include/hesai_ros_driver/hesai_ros_driver/msg/detail/udp_packet__functions.h
-- Installing: /home/khj/25project_ws/ros2/install/hesai_ros_driver/include/hesai_ros_driver/hesai_ros_driver/msg/detail/loss_packet__struct.h
-- Installing: /home/khj/25project_ws/ros2/install/hesai_ros_driver/include/hesai_ros_driver/hesai_ros_driver/msg/detail/firetime__struct.h
-- Installing: /home/khj/25project_ws/ros2/install/hesai_ros_driver/include/hesai_ros_driver/hesai_ros_driver/msg/detail/udp_packet__struct.h
-- Installing: /home/khj/25project_ws/ros2/install/hesai_ros_driver/include/hesai_ros_driver/hesai_ros_driver/msg/detail/udp_frame__struct.h
-- Installing: /home/khj/25project_ws/ros2/install/hesai_ros_driver/include/hesai_ros_driver/hesai_ros_driver/msg/detail/ptp__functions.h
-- Installing: /home/khj/25project_ws/ros2/install/hesai_ros_driver/include/hesai_ros_driver/hesai_ros_driver/msg/detail/loss_packet__functions.h
-- Installing: /home/khj/25project_ws/ros2/install/hesai_ros_driver/include/hesai_ros_driver/hesai_ros_driver/msg/detail/udp_packet__functions.c
-- Installing: /home/khj/25project_ws/ros2/install/hesai_ros_driver/include/hesai_ros_driver/hesai_ros_driver/msg/detail/udp_frame__type_support.h
-- Installing: /home/khj/25project_ws/ros2/install/hesai_ros_driver/include/hesai_ros_driver/hesai_ros_driver/msg/detail/udp_frame__functions.c
-- Installing: /home/khj/25project_ws/ros2/install/hesai_ros_driver/include/hesai_ros_driver/hesai_ros_driver/msg/detail/ptp__struct.h
-- Installing: /home/khj/25project_ws/ros2/install/hesai_ros_driver/include/hesai_ros_driver/hesai_ros_driver/msg/detail/firetime__functions.h
-- Installing: /home/khj/25project_ws/ros2/install/hesai_ros_driver/include/hesai_ros_driver/hesai_ros_driver/msg/detail/ptp__functions.c
-- Installing: /home/khj/25project_ws/ros2/install/hesai_ros_driver/include/hesai_ros_driver/hesai_ros_driver/msg/detail/ptp__type_support.h
-- Installing: /home/khj/25project_ws/ros2/install/hesai_ros_driver/include/hesai_ros_driver/hesai_ros_driver/msg/detail/udp_frame__functions.h
-- Installing: /home/khj/25project_ws/ros2/install/hesai_ros_driver/include/hesai_ros_driver/hesai_ros_driver/msg/loss_packet.h
-- Installing: /home/khj/25project_ws/ros2/install/hesai_ros_driver/share/hesai_ros_driver/environment/library_path.sh
-- Installing: /home/khj/25project_ws/ros2/install/hesai_ros_driver/share/hesai_ros_driver/environment/library_path.dsv
-- Installing: /home/khj/25project_ws/ros2/install/hesai_ros_driver/lib/libhesai_ros_driver__rosidl_generator_c.so
-- Set non-toolchain portion of runtime path of "/home/khj/25project_ws/ros2/install/hesai_ros_driver/lib/libhesai_ros_driver__rosidl_generator_c.so" to ""
-- Up-to-date: /home/khj/25project_ws/ros2/install/hesai_ros_driver/include/hesai_ros_driver/hesai_ros_driver
-- Up-to-date: /home/khj/25project_ws/ros2/install/hesai_ros_driver/include/hesai_ros_driver/hesai_ros_driver/msg
-- Installing: /home/khj/25project_ws/ros2/install/hesai_ros_driver/include/hesai_ros_driver/hesai_ros_driver/msg/rosidl_typesupport_fastrtps_c__visibility_control.h
-- Up-to-date: /home/khj/25project_ws/ros2/install/hesai_ros_driver/include/hesai_ros_driver/hesai_ros_driver/msg/detail
-- Installing: /home/khj/25project_ws/ros2/install/hesai_ros_driver/include/hesai_ros_driver/hesai_ros_driver/msg/detail/udp_frame__rosidl_typesupport_fastrtps_c.h
-- Installing: /home/khj/25project_ws/ros2/install/hesai_ros_driver/include/hesai_ros_driver/hesai_ros_driver/msg/detail/udp_packet__rosidl_typesupport_fastrtps_c.h
-- Installing: /home/khj/25project_ws/ros2/install/hesai_ros_driver/include/hesai_ros_driver/hesai_ros_driver/msg/detail/ptp__rosidl_typesupport_fastrtps_c.h
-- Installing: /home/khj/25project_ws/ros2/install/hesai_ros_driver/include/hesai_ros_driver/hesai_ros_driver/msg/detail/loss_packet__rosidl_typesupport_fastrtps_c.h
-- Installing: /home/khj/25project_ws/ros2/install/hesai_ros_driver/include/hesai_ros_driver/hesai_ros_driver/msg/detail/firetime__rosidl_typesupport_fastrtps_c.h
-- Installing: /home/khj/25project_ws/ros2/install/hesai_ros_driver/lib/libhesai_ros_driver__rosidl_typesupport_fastrtps_c.so
-- Set non-toolchain portion of runtime path of "/home/khj/25project_ws/ros2/install/hesai_ros_driver/lib/libhesai_ros_driver__rosidl_typesupport_fastrtps_c.so" to ""
-- Up-to-date: /home/khj/25project_ws/ros2/install/hesai_ros_driver/include/hesai_ros_driver/hesai_ros_driver
-- Up-to-date: /home/khj/25project_ws/ros2/install/hesai_ros_driver/include/hesai_ros_driver/hesai_ros_driver/msg
-- Installing: /home/khj/25project_ws/ros2/install/hesai_ros_driver/include/hesai_ros_driver/hesai_ros_driver/msg/rosidl_generator_cpp__visibility_control.hpp
-- Installing: /home/khj/25project_ws/ros2/install/hesai_ros_driver/include/hesai_ros_driver/hesai_ros_driver/msg/udp_frame.hpp
-- Installing: /home/khj/25project_ws/ros2/install/hesai_ros_driver/include/hesai_ros_driver/hesai_ros_driver/msg/firetime.hpp
-- Installing: /home/khj/25project_ws/ros2/install/hesai_ros_driver/include/hesai_ros_driver/hesai_ros_driver/msg/loss_packet.hpp
-- Up-to-date: /home/khj/25project_ws/ros2/install/hesai_ros_driver/include/hesai_ros_driver/hesai_ros_driver/msg/detail
-- Installing: /home/khj/25project_ws/ros2/install/hesai_ros_driver/include/hesai_ros_driver/hesai_ros_driver/msg/detail/udp_packet__traits.hpp
-- Installing: /home/khj/25project_ws/ros2/install/hesai_ros_driver/include/hesai_ros_driver/hesai_ros_driver/msg/detail/udp_frame__struct.hpp
-- Installing: /home/khj/25project_ws/ros2/install/hesai_ros_driver/include/hesai_ros_driver/hesai_ros_driver/msg/detail/ptp__builder.hpp
-- Installing: /home/khj/25project_ws/ros2/install/hesai_ros_driver/include/hesai_ros_driver/hesai_ros_driver/msg/detail/firetime__traits.hpp
-- Installing: /home/khj/25project_ws/ros2/install/hesai_ros_driver/include/hesai_ros_driver/hesai_ros_driver/msg/detail/loss_packet__traits.hpp
-- Installing: /home/khj/25project_ws/ros2/install/hesai_ros_driver/include/hesai_ros_driver/hesai_ros_driver/msg/detail/loss_packet__struct.hpp
-- Installing: /home/khj/25project_ws/ros2/install/hesai_ros_driver/include/hesai_ros_driver/hesai_ros_driver/msg/detail/firetime__struct.hpp
-- Installing: /home/khj/25project_ws/ros2/install/hesai_ros_driver/include/hesai_ros_driver/hesai_ros_driver/msg/detail/udp_frame__traits.hpp
-- Installing: /home/khj/25project_ws/ros2/install/hesai_ros_driver/include/hesai_ros_driver/hesai_ros_driver/msg/detail/ptp__type_support.hpp
-- Installing: /home/khj/25project_ws/ros2/install/hesai_ros_driver/include/hesai_ros_driver/hesai_ros_driver/msg/detail/ptp__struct.hpp
-- Installing: /home/khj/25project_ws/ros2/install/hesai_ros_driver/include/hesai_ros_driver/hesai_ros_driver/msg/detail/ptp__traits.hpp
-- Installing: /home/khj/25project_ws/ros2/install/hesai_ros_driver/include/hesai_ros_driver/hesai_ros_driver/msg/detail/udp_frame__builder.hpp
-- Installing: /home/khj/25project_ws/ros2/install/hesai_ros_driver/include/hesai_ros_driver/hesai_ros_driver/msg/detail/udp_packet__struct.hpp
-- Installing: /home/khj/25project_ws/ros2/install/hesai_ros_driver/include/hesai_ros_driver/hesai_ros_driver/msg/detail/udp_frame__type_support.hpp
-- Installing: /home/khj/25project_ws/ros2/install/hesai_ros_driver/include/hesai_ros_driver/hesai_ros_driver/msg/detail/firetime__type_support.hpp
-- Installing: /home/khj/25project_ws/ros2/install/hesai_ros_driver/include/hesai_ros_driver/hesai_ros_driver/msg/detail/udp_packet__type_support.hpp
-- Installing: /home/khj/25project_ws/ros2/install/hesai_ros_driver/include/hesai_ros_driver/hesai_ros_driver/msg/detail/loss_packet__builder.hpp
-- Installing: /home/khj/25project_ws/ros2/install/hesai_ros_driver/include/hesai_ros_driver/hesai_ros_driver/msg/detail/udp_packet__builder.hpp
-- Installing: /home/khj/25project_ws/ros2/install/hesai_ros_driver/include/hesai_ros_driver/hesai_ros_driver/msg/detail/loss_packet__type_support.hpp
-- Installing: /home/khj/25project_ws/ros2/install/hesai_ros_driver/include/hesai_ros_driver/hesai_ros_driver/msg/detail/firetime__builder.hpp
-- Installing: /home/khj/25project_ws/ros2/install/hesai_ros_driver/include/hesai_ros_driver/hesai_ros_driver/msg/ptp.hpp
-- Installing: /home/khj/25project_ws/ros2/install/hesai_ros_driver/include/hesai_ros_driver/hesai_ros_driver/msg/udp_packet.hpp
-- Up-to-date: /home/khj/25project_ws/ros2/install/hesai_ros_driver/include/hesai_ros_driver/hesai_ros_driver
-- Up-to-date: /home/khj/25project_ws/ros2/install/hesai_ros_driver/include/hesai_ros_driver/hesai_ros_driver/msg
-- Installing: /home/khj/25project_ws/ros2/install/hesai_ros_driver/include/hesai_ros_driver/hesai_ros_driver/msg/rosidl_typesupport_fastrtps_cpp__visibility_control.h
-- Up-to-date: /home/khj/25project_ws/ros2/install/hesai_ros_driver/include/hesai_ros_driver/hesai_ros_driver/msg/detail
-- Installing: /home/khj/25project_ws/ros2/install/hesai_ros_driver/include/hesai_ros_driver/hesai_ros_driver/msg/detail/loss_packet__rosidl_typesupport_fastrtps_cpp.hpp
-- Installing: /home/khj/25project_ws/ros2/install/hesai_ros_driver/include/hesai_ros_driver/hesai_ros_driver/msg/detail/udp_frame__rosidl_typesupport_fastrtps_cpp.hpp
-- Installing: /home/khj/25project_ws/ros2/install/hesai_ros_driver/include/hesai_ros_driver/hesai_ros_driver/msg/detail/firetime__rosidl_typesupport_fastrtps_cpp.hpp
-- Installing: /home/khj/25project_ws/ros2/install/hesai_ros_driver/include/hesai_ros_driver/hesai_ros_driver/msg/detail/dds_fastrtps
-- Installing: /home/khj/25project_ws/ros2/install/hesai_ros_driver/include/hesai_ros_driver/hesai_ros_driver/msg/detail/ptp__rosidl_typesupport_fastrtps_cpp.hpp
-- Installing: /home/khj/25project_ws/ros2/install/hesai_ros_driver/include/hesai_ros_driver/hesai_ros_driver/msg/detail/udp_packet__rosidl_typesupport_fastrtps_cpp.hpp
-- Installing: /home/khj/25project_ws/ros2/install/hesai_ros_driver/lib/libhesai_ros_driver__rosidl_typesupport_fastrtps_cpp.so
-- Set non-toolchain portion of runtime path of "/home/khj/25project_ws/ros2/install/hesai_ros_driver/lib/libhesai_ros_driver__rosidl_typesupport_fastrtps_cpp.so" to ""
-- Up-to-date: /home/khj/25project_ws/ros2/install/hesai_ros_driver/include/hesai_ros_driver/hesai_ros_driver
-- Up-to-date: /home/khj/25project_ws/ros2/install/hesai_ros_driver/include/hesai_ros_driver/hesai_ros_driver/msg
-- Installing: /home/khj/25project_ws/ros2/install/hesai_ros_driver/include/hesai_ros_driver/hesai_ros_driver/msg/rosidl_typesupport_introspection_c__visibility_control.h
-- Up-to-date: /home/khj/25project_ws/ros2/install/hesai_ros_driver/include/hesai_ros_driver/hesai_ros_driver/msg/detail
-- Installing: /home/khj/25project_ws/ros2/install/hesai_ros_driver/include/hesai_ros_driver/hesai_ros_driver/msg/detail/firetime__type_support.c
-- Installing: /home/khj/25project_ws/ros2/install/hesai_ros_driver/include/hesai_ros_driver/hesai_ros_driver/msg/detail/udp_packet__type_support.c
-- Installing: /home/khj/25project_ws/ros2/install/hesai_ros_driver/include/hesai_ros_driver/hesai_ros_driver/msg/detail/loss_packet__type_support.c
-- Installing: /home/khj/25project_ws/ros2/install/hesai_ros_driver/include/hesai_ros_driver/hesai_ros_driver/msg/detail/ptp__rosidl_typesupport_introspection_c.h
-- Installing: /home/khj/25project_ws/ros2/install/hesai_ros_driver/include/hesai_ros_driver/hesai_ros_driver/msg/detail/ptp__type_support.c
-- Installing: /home/khj/25project_ws/ros2/install/hesai_ros_driver/include/hesai_ros_driver/hesai_ros_driver/msg/detail/loss_packet__rosidl_typesupport_introspection_c.h
-- Installing: /home/khj/25project_ws/ros2/install/hesai_ros_driver/include/hesai_ros_driver/hesai_ros_driver/msg/detail/udp_frame__type_support.c
-- Installing: /home/khj/25project_ws/ros2/install/hesai_ros_driver/include/hesai_ros_driver/hesai_ros_driver/msg/detail/udp_frame__rosidl_typesupport_introspection_c.h
-- Installing: /home/khj/25project_ws/ros2/install/hesai_ros_driver/include/hesai_ros_driver/hesai_ros_driver/msg/detail/firetime__rosidl_typesupport_introspection_c.h
-- Installing: /home/khj/25project_ws/ros2/install/hesai_ros_driver/include/hesai_ros_driver/hesai_ros_driver/msg/detail/udp_packet__rosidl_typesupport_introspection_c.h
-- Installing: /home/khj/25project_ws/ros2/install/hesai_ros_driver/lib/libhesai_ros_driver__rosidl_typesupport_introspection_c.so
-- Set non-toolchain portion of runtime path of "/home/khj/25project_ws/ros2/install/hesai_ros_driver/lib/libhesai_ros_driver__rosidl_typesupport_introspection_c.so" to ""
-- Installing: /home/khj/25project_ws/ros2/install/hesai_ros_driver/lib/libhesai_ros_driver__rosidl_typesupport_c.so
-- Set non-toolchain portion of runtime path of "/home/khj/25project_ws/ros2/install/hesai_ros_driver/lib/libhesai_ros_driver__rosidl_typesupport_c.so" to ""
-- Up-to-date: /home/khj/25project_ws/ros2/install/hesai_ros_driver/include/hesai_ros_driver/hesai_ros_driver
-- Up-to-date: /home/khj/25project_ws/ros2/install/hesai_ros_driver/include/hesai_ros_driver/hesai_ros_driver/msg
-- Up-to-date: /home/khj/25project_ws/ros2/install/hesai_ros_driver/include/hesai_ros_driver/hesai_ros_driver/msg/detail
-- Installing: /home/khj/25project_ws/ros2/install/hesai_ros_driver/include/hesai_ros_driver/hesai_ros_driver/msg/detail/firetime__rosidl_typesupport_introspection_cpp.hpp
-- Installing: /home/khj/25project_ws/ros2/install/hesai_ros_driver/include/hesai_ros_driver/hesai_ros_driver/msg/detail/ptp__rosidl_typesupport_introspection_cpp.hpp
-- Installing: /home/khj/25project_ws/ros2/install/hesai_ros_driver/include/hesai_ros_driver/hesai_ros_driver/msg/detail/ptp__type_support.cpp
-- Installing: /home/khj/25project_ws/ros2/install/hesai_ros_driver/include/hesai_ros_driver/hesai_ros_driver/msg/detail/udp_frame__type_support.cpp
-- Installing: /home/khj/25project_ws/ros2/install/hesai_ros_driver/include/hesai_ros_driver/hesai_ros_driver/msg/detail/loss_packet__type_support.cpp
-- Installing: /home/khj/25project_ws/ros2/install/hesai_ros_driver/include/hesai_ros_driver/hesai_ros_driver/msg/detail/udp_packet__rosidl_typesupport_introspection_cpp.hpp
-- Installing: /home/khj/25project_ws/ros2/install/hesai_ros_driver/include/hesai_ros_driver/hesai_ros_driver/msg/detail/firetime__type_support.cpp
-- Installing: /home/khj/25project_ws/ros2/install/hesai_ros_driver/include/hesai_ros_driver/hesai_ros_driver/msg/detail/loss_packet__rosidl_typesupport_introspection_cpp.hpp
-- Installing: /home/khj/25project_ws/ros2/install/hesai_ros_driver/include/hesai_ros_driver/hesai_ros_driver/msg/detail/udp_packet__type_support.cpp
-- Installing: /home/khj/25project_ws/ros2/install/hesai_ros_driver/include/hesai_ros_driver/hesai_ros_driver/msg/detail/udp_frame__rosidl_typesupport_introspection_cpp.hpp
-- Installing: /home/khj/25project_ws/ros2/install/hesai_ros_driver/lib/libhesai_ros_driver__rosidl_typesupport_introspection_cpp.so
-- Set non-toolchain portion of runtime path of "/home/khj/25project_ws/ros2/install/hesai_ros_driver/lib/libhesai_ros_driver__rosidl_typesupport_introspection_cpp.so" to ""
-- Installing: /home/khj/25project_ws/ros2/install/hesai_ros_driver/lib/libhesai_ros_driver__rosidl_typesupport_cpp.so
-- Set non-toolchain portion of runtime path of "/home/khj/25project_ws/ros2/install/hesai_ros_driver/lib/libhesai_ros_driver__rosidl_typesupport_cpp.so" to ""
-- Installing: /home/khj/25project_ws/ros2/install/hesai_ros_driver/share/hesai_ros_driver/environment/pythonpath.sh
-- Installing: /home/khj/25project_ws/ros2/install/hesai_ros_driver/share/hesai_ros_driver/environment/pythonpath.dsv
-- Installing: /home/khj/25project_ws/ros2/install/hesai_ros_driver/local/lib/python3.10/dist-packages/hesai_ros_driver-1.5.0-py3.10.egg-info
-- Installing: /home/khj/25project_ws/ros2/install/hesai_ros_driver/local/lib/python3.10/dist-packages/hesai_ros_driver-1.5.0-py3.10.egg-info/dependency_links.txt
-- Installing: /home/khj/25project_ws/ros2/install/hesai_ros_driver/local/lib/python3.10/dist-packages/hesai_ros_driver-1.5.0-py3.10.egg-info/SOURCES.txt
-- Installing: /home/khj/25project_ws/ros2/install/hesai_ros_driver/local/lib/python3.10/dist-packages/hesai_ros_driver-1.5.0-py3.10.egg-info/top_level.txt
-- Installing: /home/khj/25project_ws/ros2/install/hesai_ros_driver/local/lib/python3.10/dist-packages/hesai_ros_driver-1.5.0-py3.10.egg-info/PKG-INFO
-- Installing: /home/khj/25project_ws/ros2/install/hesai_ros_driver/local/lib/python3.10/dist-packages/hesai_ros_driver
-- Installing: /home/khj/25project_ws/ros2/install/hesai_ros_driver/local/lib/python3.10/dist-packages/hesai_ros_driver/_hesai_ros_driver_s.ep.rosidl_typesupport_fastrtps_c.c
-- Installing: /home/khj/25project_ws/ros2/install/hesai_ros_driver/local/lib/python3.10/dist-packages/hesai_ros_driver/__init__.py
-- Installing: /home/khj/25project_ws/ros2/install/hesai_ros_driver/local/lib/python3.10/dist-packages/hesai_ros_driver/hesai_ros_driver_s__rosidl_typesupport_fastrtps_c.cpython-310-x86_64-linux-gnu.so
-- Installing: /home/khj/25project_ws/ros2/install/hesai_ros_driver/local/lib/python3.10/dist-packages/hesai_ros_driver/hesai_ros_driver_s__rosidl_typesupport_introspection_c.cpython-310-x86_64-linux-gnu.so
-- Installing: /home/khj/25project_ws/ros2/install/hesai_ros_driver/local/lib/python3.10/dist-packages/hesai_ros_driver/_hesai_ros_driver_s.ep.rosidl_typesupport_c.c
-- Installing: /home/khj/25project_ws/ros2/install/hesai_ros_driver/local/lib/python3.10/dist-packages/hesai_ros_driver/hesai_ros_driver_s__rosidl_typesupport_c.cpython-310-x86_64-linux-gnu.so
-- Installing: /home/khj/25project_ws/ros2/install/hesai_ros_driver/local/lib/python3.10/dist-packages/hesai_ros_driver/_hesai_ros_driver_s.ep.rosidl_typesupport_introspection_c.c
-- Installing: /home/khj/25project_ws/ros2/install/hesai_ros_driver/local/lib/python3.10/dist-packages/hesai_ros_driver/msg
-- Installing: /home/khj/25project_ws/ros2/install/hesai_ros_driver/local/lib/python3.10/dist-packages/hesai_ros_driver/msg/_firetime.py
-- Installing: /home/khj/25project_ws/ros2/install/hesai_ros_driver/local/lib/python3.10/dist-packages/hesai_ros_driver/msg/_loss_packet.py
-- Installing: /home/khj/25project_ws/ros2/install/hesai_ros_driver/local/lib/python3.10/dist-packages/hesai_ros_driver/msg/_loss_packet_s.c
-- Installing: /home/khj/25project_ws/ros2/install/hesai_ros_driver/local/lib/python3.10/dist-packages/hesai_ros_driver/msg/_udp_frame.py
-- Installing: /home/khj/25project_ws/ros2/install/hesai_ros_driver/local/lib/python3.10/dist-packages/hesai_ros_driver/msg/__init__.py
-- Installing: /home/khj/25project_ws/ros2/install/hesai_ros_driver/local/lib/python3.10/dist-packages/hesai_ros_driver/msg/_ptp.py
-- Installing: /home/khj/25project_ws/ros2/install/hesai_ros_driver/local/lib/python3.10/dist-packages/hesai_ros_driver/msg/_ptp_s.c
-- Installing: /home/khj/25project_ws/ros2/install/hesai_ros_driver/local/lib/python3.10/dist-packages/hesai_ros_driver/msg/_firetime_s.c
-- Installing: /home/khj/25project_ws/ros2/install/hesai_ros_driver/local/lib/python3.10/dist-packages/hesai_ros_driver/msg/_udp_packet.py
-- Installing: /home/khj/25project_ws/ros2/install/hesai_ros_driver/local/lib/python3.10/dist-packages/hesai_ros_driver/msg/_udp_packet_s.c
-- Installing: /home/khj/25project_ws/ros2/install/hesai_ros_driver/local/lib/python3.10/dist-packages/hesai_ros_driver/msg/_udp_frame_s.c
-- Installing: /home/khj/25project_ws/ros2/install/hesai_ros_driver/local/lib/python3.10/dist-packages/hesai_ros_driver/libhesai_ros_driver__rosidl_generator_py.so
Listing '/home/khj/25project_ws/ros2/install/hesai_ros_driver/local/lib/python3.10/dist-packages/hesai_ros_driver'...
Compiling '/home/khj/25project_ws/ros2/install/hesai_ros_driver/local/lib/python3.10/dist-packages/hesai_ros_driver/__init__.py'...
Listing '/home/khj/25project_ws/ros2/install/hesai_ros_driver/local/lib/python3.10/dist-packages/hesai_ros_driver/msg'...
Compiling '/home/khj/25project_ws/ros2/install/hesai_ros_driver/local/lib/python3.10/dist-packages/hesai_ros_driver/msg/__init__.py'...
Compiling '/home/khj/25project_ws/ros2/install/hesai_ros_driver/local/lib/python3.10/dist-packages/hesai_ros_driver/msg/_firetime.py'...
Compiling '/home/khj/25project_ws/ros2/install/hesai_ros_driver/local/lib/python3.10/dist-packages/hesai_ros_driver/msg/_loss_packet.py'...
Compiling '/home/khj/25project_ws/ros2/install/hesai_ros_driver/local/lib/python3.10/dist-packages/hesai_ros_driver/msg/_ptp.py'...
Compiling '/home/khj/25project_ws/ros2/install/hesai_ros_driver/local/lib/python3.10/dist-packages/hesai_ros_driver/msg/_udp_frame.py'...
Compiling '/home/khj/25project_ws/ros2/install/hesai_ros_driver/local/lib/python3.10/dist-packages/hesai_ros_driver/msg/_udp_packet.py'...
-- Installing: /home/khj/25project_ws/ros2/install/hesai_ros_driver/local/lib/python3.10/dist-packages/hesai_ros_driver/hesai_ros_driver_s__rosidl_typesupport_fastrtps_c.cpython-310-x86_64-linux-gnu.so
-- Set non-toolchain portion of runtime path of "/home/khj/25project_ws/ros2/install/hesai_ros_driver/local/lib/python3.10/dist-packages/hesai_ros_driver/hesai_ros_driver_s__rosidl_typesupport_fastrtps_c.cpython-310-x86_64-linux-gnu.so" to ""
-- Installing: /home/khj/25project_ws/ros2/install/hesai_ros_driver/local/lib/python3.10/dist-packages/hesai_ros_driver/hesai_ros_driver_s__rosidl_typesupport_introspection_c.cpython-310-x86_64-linux-gnu.so
-- Set non-toolchain portion of runtime path of "/home/khj/25project_ws/ros2/install/hesai_ros_driver/local/lib/python3.10/dist-packages/hesai_ros_driver/hesai_ros_driver_s__rosidl_typesupport_introspection_c.cpython-310-x86_64-linux-gnu.so" to ""
-- Installing: /home/khj/25project_ws/ros2/install/hesai_ros_driver/local/lib/python3.10/dist-packages/hesai_ros_driver/hesai_ros_driver_s__rosidl_typesupport_c.cpython-310-x86_64-linux-gnu.so
-- Set non-toolchain portion of runtime path of "/home/khj/25project_ws/ros2/install/hesai_ros_driver/local/lib/python3.10/dist-packages/hesai_ros_driver/hesai_ros_driver_s__rosidl_typesupport_c.cpython-310-x86_64-linux-gnu.so" to ""
-- Installing: /home/khj/25project_ws/ros2/install/hesai_ros_driver/lib/libhesai_ros_driver__rosidl_generator_py.so
-- Set non-toolchain portion of runtime path of "/home/khj/25project_ws/ros2/install/hesai_ros_driver/lib/libhesai_ros_driver__rosidl_generator_py.so" to ""
-- Installing: /home/khj/25project_ws/ros2/install/hesai_ros_driver/share/hesai_ros_driver/msg/UdpPacket.idl
-- Installing: /home/khj/25project_ws/ros2/install/hesai_ros_driver/share/hesai_ros_driver/msg/UdpFrame.idl
-- Installing: /home/khj/25project_ws/ros2/install/hesai_ros_driver/share/hesai_ros_driver/msg/Firetime.idl
-- Installing: /home/khj/25project_ws/ros2/install/hesai_ros_driver/share/hesai_ros_driver/msg/Ptp.idl
-- Installing: /home/khj/25project_ws/ros2/install/hesai_ros_driver/share/hesai_ros_driver/msg/LossPacket.idl
-- Installing: /home/khj/25project_ws/ros2/install/hesai_ros_driver/share/hesai_ros_driver/msg_ros2/UdpPacket.msg
-- Installing: /home/khj/25project_ws/ros2/install/hesai_ros_driver/share/hesai_ros_driver/msg_ros2/UdpFrame.msg
-- Installing: /home/khj/25project_ws/ros2/install/hesai_ros_driver/share/hesai_ros_driver/msg_ros2/Firetime.msg
-- Installing: /home/khj/25project_ws/ros2/install/hesai_ros_driver/share/hesai_ros_driver/msg_ros2/Ptp.msg
-- Installing: /home/khj/25project_ws/ros2/install/hesai_ros_driver/share/hesai_ros_driver/msg_ros2/LossPacket.msg
-- Installing: /home/khj/25project_ws/ros2/install/hesai_ros_driver/lib/hesai_ros_driver/hesai_ros_driver_node
-- Set non-toolchain portion of runtime path of "/home/khj/25project_ws/ros2/install/hesai_ros_driver/lib/hesai_ros_driver/hesai_ros_driver_node" to ""
-- Installing: /home/khj/25project_ws/ros2/install/hesai_ros_driver/lib/libhesai_sdk_lib.so
-- Set non-toolchain portion of runtime path of "/home/khj/25project_ws/ros2/install/hesai_ros_driver/lib/libhesai_sdk_lib.so" to ""
-- Installing: /home/khj/25project_ws/ros2/install/hesai_ros_driver/lib/liblog_lib.so
-- Installing: /home/khj/25project_ws/ros2/install/hesai_ros_driver/lib/liblidar_lib.so
-- Set non-toolchain portion of runtime path of "/home/khj/25project_ws/ros2/install/hesai_ros_driver/lib/liblidar_lib.so" to ""
-- Installing: /home/khj/25project_ws/ros2/install/hesai_ros_driver/lib/libptcClient_lib.so
-- Set non-toolchain portion of runtime path of "/home/khj/25project_ws/ros2/install/hesai_ros_driver/lib/libptcClient_lib.so" to ""
-- Installing: /home/khj/25project_ws/ros2/install/hesai_ros_driver/lib/libsource_lib.so
-- Set non-toolchain portion of runtime path of "/home/khj/25project_ws/ros2/install/hesai_ros_driver/lib/libsource_lib.so" to ""
-- Installing: /home/khj/25project_ws/ros2/install/hesai_ros_driver/lib/libplatutils_lib.so
-- Set non-toolchain portion of runtime path of "/home/khj/25project_ws/ros2/install/hesai_ros_driver/lib/libplatutils_lib.so" to ""
-- Installing: /home/khj/25project_ws/ros2/install/hesai_ros_driver/lib/libserialClient_lib.so
-- Set non-toolchain portion of runtime path of "/home/khj/25project_ws/ros2/install/hesai_ros_driver/lib/libserialClient_lib.so" to ""
-- Installing: /home/khj/25project_ws/ros2/install/hesai_ros_driver/lib/libudpParser_lib.so
-- Set non-toolchain portion of runtime path of "/home/khj/25project_ws/ros2/install/hesai_ros_driver/lib/libudpParser_lib.so" to ""
-- Installing: /home/khj/25project_ws/ros2/install/hesai_ros_driver/share/hesai_ros_driver/launch
-- Installing: /home/khj/25project_ws/ros2/install/hesai_ros_driver/share/hesai_ros_driver/launch/dashing_start.py
-- Installing: /home/khj/25project_ws/ros2/install/hesai_ros_driver/share/hesai_ros_driver/launch/start.launch
-- Installing: /home/khj/25project_ws/ros2/install/hesai_ros_driver/share/hesai_ros_driver/launch/start.py
-- Installing: /home/khj/25project_ws/ros2/install/hesai_ros_driver/share/hesai_ros_driver/rviz
-- Installing: /home/khj/25project_ws/ros2/install/hesai_ros_driver/share/hesai_ros_driver/rviz/rviz2.rviz
-- Installing: /home/khj/25project_ws/ros2/install/hesai_ros_driver/share/hesai_ros_driver/rviz/rviz.rviz
-- Installing: /home/khj/25project_ws/ros2/install/hesai_ros_driver/share/ament_index/resource_index/package_run_dependencies/hesai_ros_driver
-- Installing: /home/khj/25project_ws/ros2/install/hesai_ros_driver/share/ament_index/resource_index/parent_prefix_path/hesai_ros_driver
-- Installing: /home/khj/25project_ws/ros2/install/hesai_ros_driver/share/hesai_ros_driver/environment/ament_prefix_path.sh
-- Installing: /home/khj/25project_ws/ros2/install/hesai_ros_driver/share/hesai_ros_driver/environment/ament_prefix_path.dsv
-- Installing: /home/khj/25project_ws/ros2/install/hesai_ros_driver/share/hesai_ros_driver/environment/path.sh
-- Installing: /home/khj/25project_ws/ros2/install/hesai_ros_driver/share/hesai_ros_driver/environment/path.dsv
-- Installing: /home/khj/25project_ws/ros2/install/hesai_ros_driver/share/hesai_ros_driver/local_setup.bash
-- Installing: /home/khj/25project_ws/ros2/install/hesai_ros_driver/share/hesai_ros_driver/local_setup.sh
-- Installing: /home/khj/25project_ws/ros2/install/hesai_ros_driver/share/hesai_ros_driver/local_setup.zsh
-- Installing: /home/khj/25project_ws/ros2/install/hesai_ros_driver/share/hesai_ros_driver/local_setup.dsv
-- Installing: /home/khj/25project_ws/ros2/install/hesai_ros_driver/share/hesai_ros_driver/package.dsv
-- Installing: /home/khj/25project_ws/ros2/install/hesai_ros_driver/share/ament_index/resource_index/packages/hesai_ros_driver
-- Installing: /home/khj/25project_ws/ros2/install/hesai_ros_driver/share/hesai_ros_driver/cmake/export_hesai_ros_driver__rosidl_generator_cExport.cmake
-- Installing: /home/khj/25project_ws/ros2/install/hesai_ros_driver/share/hesai_ros_driver/cmake/export_hesai_ros_driver__rosidl_generator_cExport-release.cmake
-- Installing: /home/khj/25project_ws/ros2/install/hesai_ros_driver/share/hesai_ros_driver/cmake/export_hesai_ros_driver__rosidl_typesupport_fastrtps_cExport.cmake
-- Installing: /home/khj/25project_ws/ros2/install/hesai_ros_driver/share/hesai_ros_driver/cmake/export_hesai_ros_driver__rosidl_typesupport_fastrtps_cExport-release.cmake
-- Installing: /home/khj/25project_ws/ros2/install/hesai_ros_driver/share/hesai_ros_driver/cmake/export_hesai_ros_driver__rosidl_generator_cppExport.cmake
-- Installing: /home/khj/25project_ws/ros2/install/hesai_ros_driver/share/hesai_ros_driver/cmake/export_hesai_ros_driver__rosidl_typesupport_fastrtps_cppExport.cmake
-- Installing: /home/khj/25project_ws/ros2/install/hesai_ros_driver/share/hesai_ros_driver/cmake/export_hesai_ros_driver__rosidl_typesupport_fastrtps_cppExport-release.cmake
-- Installing: /home/khj/25project_ws/ros2/install/hesai_ros_driver/share/hesai_ros_driver/cmake/hesai_ros_driver__rosidl_typesupport_introspection_cExport.cmake
-- Installing: /home/khj/25project_ws/ros2/install/hesai_ros_driver/share/hesai_ros_driver/cmake/hesai_ros_driver__rosidl_typesupport_introspection_cExport-release.cmake
-- Installing: /home/khj/25project_ws/ros2/install/hesai_ros_driver/share/hesai_ros_driver/cmake/hesai_ros_driver__rosidl_typesupport_cExport.cmake
-- Installing: /home/khj/25project_ws/ros2/install/hesai_ros_driver/share/hesai_ros_driver/cmake/hesai_ros_driver__rosidl_typesupport_cExport-release.cmake
-- Installing: /home/khj/25project_ws/ros2/install/hesai_ros_driver/share/hesai_ros_driver/cmake/hesai_ros_driver__rosidl_typesupport_introspection_cppExport.cmake
-- Installing: /home/khj/25project_ws/ros2/install/hesai_ros_driver/share/hesai_ros_driver/cmake/hesai_ros_driver__rosidl_typesupport_introspection_cppExport-release.cmake
-- Installing: /home/khj/25project_ws/ros2/install/hesai_ros_driver/share/hesai_ros_driver/cmake/hesai_ros_driver__rosidl_typesupport_cppExport.cmake
-- Installing: /home/khj/25project_ws/ros2/install/hesai_ros_driver/share/hesai_ros_driver/cmake/hesai_ros_driver__rosidl_typesupport_cppExport-release.cmake
-- Installing: /home/khj/25project_ws/ros2/install/hesai_ros_driver/share/hesai_ros_driver/cmake/export_hesai_ros_driver__rosidl_generator_pyExport.cmake
-- Installing: /home/khj/25project_ws/ros2/install/hesai_ros_driver/share/hesai_ros_driver/cmake/export_hesai_ros_driver__rosidl_generator_pyExport-release.cmake
-- Installing: /home/khj/25project_ws/ros2/install/hesai_ros_driver/share/hesai_ros_driver/cmake/rosidl_cmake-extras.cmake
-- Installing: /home/khj/25project_ws/ros2/install/hesai_ros_driver/share/hesai_ros_driver/cmake/ament_cmake_export_dependencies-extras.cmake
-- Installing: /home/khj/25project_ws/ros2/install/hesai_ros_driver/share/hesai_ros_driver/cmake/ament_cmake_export_include_directories-extras.cmake
-- Installing: /home/khj/25project_ws/ros2/install/hesai_ros_driver/share/hesai_ros_driver/cmake/ament_cmake_export_libraries-extras.cmake
-- Installing: /home/khj/25project_ws/ros2/install/hesai_ros_driver/share/hesai_ros_driver/cmake/ament_cmake_export_targets-extras.cmake
-- Installing: /home/khj/25project_ws/ros2/install/hesai_ros_driver/share/hesai_ros_driver/cmake/rosidl_cmake_export_typesupport_targets-extras.cmake
-- Installing: /home/khj/25project_ws/ros2/install/hesai_ros_driver/share/hesai_ros_driver/cmake/rosidl_cmake_export_typesupport_libraries-extras.cmake
-- Installing: /home/khj/25project_ws/ros2/install/hesai_ros_driver/share/hesai_ros_driver/cmake/hesai_ros_driverConfig.cmake
-- Installing: /home/khj/25project_ws/ros2/install/hesai_ros_driver/share/hesai_ros_driver/cmake/hesai_ros_driverConfig-version.cmake
-- Installing: /home/khj/25project_ws/ros2/install/hesai_ros_driver/share/hesai_ros_driver/package.xml
