[0.015s] Invoking command in '/home/khj/25project_ws/ros2/build/hesai_ros_driver': CMAKE_PREFIX_PATH=${CMAKE_PREFIX_PATH}:/home/khj/carla-ros-bridge/install/tracetools_image_pipeline:/home/khj/carla-ros-bridge/install/sensor_calibration_manager:/home/khj/carla-ros-bridge/install/tier4_tag_utils:/home/khj/carla-ros-bridge/install/tier4_api_utils:/home/khj/carla-ros-bridge/install/interactive_camera_lidar_calibrator:/home/khj/carla-ros-bridge/install/tier4_calibration_views:/home/khj/carla-ros-bridge/install/tier4_calibration_pcl_extensions:/home/khj/carla-ros-bridge/install/intrinsic_camera_calibrator:/home/khj/carla-ros-bridge/install/rqt_carla_control:/home/khj/carla-ros-bridge/install/carla_waypoint_publisher:/home/khj/carla-ros-bridge/install/carla_ackermann_control:/home/khj/carla-ros-bridge/install/carla_ros_bridge:/home/khj/carla-ros-bridge/install/carla_spawn_objects:/home/khj/carla-ros-bridge/install/carla_manual_control:/home/khj/carla-ros-bridge/install/carla_ad_agent:/home/khj/carla-ros-bridge/install/ros_compatibility:/home/khj/carla-ros-bridge/install/perception_utils:/home/khj/carla-ros-bridge/install/pcl_conversions:/home/khj/carla-ros-bridge/install/carla_walker_agent:/home/khj/carla-ros-bridge/install/carla_twist_to_control:/home/khj/carla-ros-bridge/install/carla_ros_scenario_runner:/home/khj/carla-ros-bridge/install/carla_common:/home/khj/carla-ros-bridge/install/camera_calibration:/home/khj/carla-ros-bridge/install/autoware_utils:/home/khj/carla-ros-bridge/install/autoware_topic_state_monitor:/home/khj/carla-ros-bridge/install/autoware_internal_planning_msgs:/home/khj/carla-ros-bridge/install/autoware_lint_common:/home/khj/carla-ros-bridge/install/autoware_learning_based_vehicle_model:/home/khj/carla-ros-bridge/install/autoware_common_msgs:/home/khj/carla-ros-bridge/install/autoware_adapi_visualizers:/opt/ros/humble /usr/local/bin/cmake /home/khj/25project_ws/ros2/src/HesaiLidar_ROS_2.0 -DCMAKE_INSTALL_PREFIX=/home/khj/25project_ws/ros2/install/hesai_ros_driver
[0.023s] [0mCMake Deprecation Warning at CMakeLists.txt:1 (cmake_minimum_required):
[0.023s]   Compatibility with CMake < 3.10 will be removed from a future version of
[0.023s]   CMake.
[0.024s] 
[0.024s]   Update the VERSION argument <min> value.  Or, use the <min>...<max> syntax
[0.024s]   to tell CMake that the project requires at least <min> but has been updated
[0.024s]   to work with policies introduced by <max> or earlier.
[0.024s] 
[0.024s] [0m
[0.096s] -- The C compiler identification is GNU 11.4.0
[0.164s] -- The CXX compiler identification is GNU 11.4.0
[0.177s] -- Detecting C compiler ABI info
[0.253s] -- Detecting C compiler ABI info - done
[0.267s] -- Check for working C compiler: /usr/lib/ccache/gcc - skipped
[0.268s] -- Detecting C compile features
[0.268s] -- Detecting C compile features - done
[0.285s] -- Detecting CXX compiler ABI info
[0.368s] -- Detecting CXX compiler ABI info - done
[0.385s] -- Check for working CXX compiler: /usr/lib/ccache/g++ - skipped
[0.385s] -- Detecting CXX compile features
[0.385s] -- Detecting CXX compile features - done
[0.395s] -- cuda not found!
[0.395s] [0m=============================================================[0m
[0.395s] [0m-- ROS_VERSION is 2[0m
[0.395s] [0m=============================================================[0m
[0.653s] -- Found Python3: /usr/bin/python3 (found version "3.10.12") found components: Interpreter
[0.922s] -- Found rosidl_generator_c: 3.1.6 (/opt/ros/humble/share/rosidl_generator_c/cmake)
[0.934s] -- Found rosidl_adapter: 3.1.6 (/opt/ros/humble/share/rosidl_adapter/cmake)
[0.950s] -- Found rosidl_generator_cpp: 3.1.6 (/opt/ros/humble/share/rosidl_generator_cpp/cmake)
[0.971s] -- Using all available rosidl_typesupport_c: rosidl_typesupport_fastrtps_c;rosidl_typesupport_introspection_c
[1.001s] -- Using all available rosidl_typesupport_cpp: rosidl_typesupport_fastrtps_cpp;rosidl_typesupport_introspection_cpp
[1.086s] -- Found rmw_implementation_cmake: 6.1.2 (/opt/ros/humble/share/rmw_implementation_cmake/cmake)
[1.096s] -- Found rmw_cyclonedds_cpp: 1.3.4 (/opt/ros/humble/share/rmw_cyclonedds_cpp/cmake)
[1.143s] -- Using RMW implementation 'rmw_cyclonedds_cpp' as default
[1.175s] -- Performing Test CMAKE_HAVE_LIBC_PTHREAD
[1.291s] -- Performing Test CMAKE_HAVE_LIBC_PTHREAD - Success
[1.292s] -- Found Threads: TRUE
[1.363s] [0m=============================================================[0m
[1.363s] [0m-- ROS2 Found. ROS2 Support is turned On.[0m
[1.363s] [0m=============================================================[0m
[1.374s] -- Found sensor_msgs: 4.2.4 (/opt/ros/humble/share/sensor_msgs/cmake)
[1.415s] -- Found rclcpp_action: 16.0.11 (/opt/ros/humble/share/rclcpp_action/cmake)
[1.463s] -- Found rosidl_default_generators: 1.2.0 (/opt/ros/humble/share/rosidl_default_generators/cmake)
[2.192s] -- Found ament_cmake_ros: 0.10.0 (/opt/ros/humble/share/ament_cmake_ros/cmake)
[3.535s] -- Using all available rosidl_typesupport_c: rosidl_typesupport_fastrtps_c;rosidl_typesupport_introspection_c
[4.069s] -- Using all available rosidl_typesupport_cpp: rosidl_typesupport_fastrtps_cpp;rosidl_typesupport_introspection_cpp
[4.080s] [33mCMake Warning (dev) at /opt/ros/humble/share/rosidl_generator_py/cmake/rosidl_generator_py_generate_interfaces.cmake:20 (find_package):
[4.081s]   Policy CMP0148 is not set: The FindPythonInterp and FindPythonLibs modules
[4.081s]   are removed.  Run "cmake --help-policy CMP0148" for policy details.  Use
[4.081s]   the cmake_policy command to set the policy and suppress this warning.
[4.081s] 
[4.081s] Call Stack (most recent call first):
[4.081s]   /opt/ros/humble/share/ament_cmake_core/cmake/core/ament_execute_extensions.cmake:48 (include)
[4.081s]   /opt/ros/humble/share/rosidl_cmake/cmake/rosidl_generate_interfaces.cmake:286 (ament_execute_extensions)
[4.081s]   CMakeLists.txt:141 (rosidl_generate_interfaces)
[4.081s] This warning is for project developers.  Use -Wno-dev to suppress it.
[4.081s] [0m
[4.134s] -- Found PythonInterp: /usr/bin/python3 (found suitable version "3.10.12", minimum required is "3.6")
[4.142s] -- Found python_cmake_module: 0.10.0 (/opt/ros/humble/share/python_cmake_module/cmake)
[4.144s] [33mCMake Warning (dev) at /opt/ros/humble/share/python_cmake_module/cmake/Modules/FindPythonExtra.cmake:52 (find_package):
[4.144s]   Policy CMP0148 is not set: The FindPythonInterp and FindPythonLibs modules
[4.144s]   are removed.  Run "cmake --help-policy CMP0148" for policy details.  Use
[4.144s]   the cmake_policy command to set the policy and suppress this warning.
[4.144s] 
[4.144s] Call Stack (most recent call first):
[4.144s]   /opt/ros/humble/share/rosidl_generator_py/cmake/rosidl_generator_py_generate_interfaces.cmake:23 (find_package)
[4.144s]   /opt/ros/humble/share/ament_cmake_core/cmake/core/ament_execute_extensions.cmake:48 (include)
[4.144s]   /opt/ros/humble/share/rosidl_cmake/cmake/rosidl_generate_interfaces.cmake:286 (ament_execute_extensions)
[4.144s]   CMakeLists.txt:141 (rosidl_generate_interfaces)
[4.144s] This warning is for project developers.  Use -Wno-dev to suppress it.
[4.144s] [0m
[4.188s] [33mCMake Warning (dev) at /opt/ros/humble/share/python_cmake_module/cmake/Modules/FindPythonExtra.cmake:140 (find_package):
[4.188s]   Policy CMP0148 is not set: The FindPythonInterp and FindPythonLibs modules
[4.188s]   are removed.  Run "cmake --help-policy CMP0148" for policy details.  Use
[4.188s]   the cmake_policy command to set the policy and suppress this warning.
[4.188s] 
[4.188s] Call Stack (most recent call first):
[4.188s]   /opt/ros/humble/share/rosidl_generator_py/cmake/rosidl_generator_py_generate_interfaces.cmake:23 (find_package)
[4.188s]   /opt/ros/humble/share/ament_cmake_core/cmake/core/ament_execute_extensions.cmake:48 (include)
[4.188s]   /opt/ros/humble/share/rosidl_cmake/cmake/rosidl_generate_interfaces.cmake:286 (ament_execute_extensions)
[4.188s]   CMakeLists.txt:141 (rosidl_generate_interfaces)
[4.188s] This warning is for project developers.  Use -Wno-dev to suppress it.
[4.188s] [0m
[4.233s] -- Found PythonLibs: /usr/lib/x86_64-linux-gnu/libpython3.10.so (found suitable version "3.10.12", minimum required is "3.5")
[4.233s] -- Using PYTHON_EXECUTABLE: /usr/bin/python3
[4.233s] -- Using PYTHON_INCLUDE_DIRS: /usr/include/python3.10
[4.233s] -- Using PYTHON_LIBRARIES: /usr/lib/x86_64-linux-gnu/libpython3.10.so
[4.277s] -- Found PythonExtra: .so
[4.425s] [0mCMake Deprecation Warning at src/driver/HesaiLidar_SDK_2.0/CMakeLists.txt:1 (cmake_minimum_required):
[4.425s]   Compatibility with CMake < 3.10 will be removed from a future version of
[4.425s]   CMake.
[4.425s] 
[4.425s]   Update the VERSION argument <min> value.  Or, use the <min>...<max> syntax
[4.425s]   to tell CMake that the project requires at least <min> but has been updated
[4.425s]   to work with policies introduced by <max> or earlier.
[4.425s] 
[4.425s] [0m
[4.425s] [0mCMake Deprecation Warning at src/driver/HesaiLidar_SDK_2.0/libhesai/CMakeLists.txt:5 (cmake_minimum_required):
[4.425s]   Compatibility with CMake < 3.10 will be removed from a future version of
[4.425s]   CMake.
[4.425s] 
[4.425s]   Update the VERSION argument <min> value.  Or, use the <min>...<max> syntax
[4.426s]   to tell CMake that the project requires at least <min> but has been updated
[4.426s]   to work with policies introduced by <max> or earlier.
[4.426s] 
[4.426s] [0m
[4.551s] -- Found OpenSSL: /usr/lib/x86_64-linux-gnu/libcrypto.so (found version "3.0.2")
[4.554s] [33mCMake Warning (dev) at CMakeLists.txt:175 (find_package):
[4.554s]   Policy CMP0167 is not set: The FindBoost module is removed.  Run "cmake
[4.554s]   --help-policy CMP0167" for policy details.  Use the cmake_policy command to
[4.554s]   set the policy and suppress this warning.
[4.554s] 
[4.554s] This warning is for project developers.  Use -Wno-dev to suppress it.
[4.554s] [0m
[4.606s] -- Found Boost: /usr/lib/x86_64-linux-gnu/cmake/Boost-1.74.0/BoostConfig.cmake (found version "1.74.0") found components: thread
[4.641s] -- Configuring done (4.6s)
[4.688s] -- Generating done (0.0s)
[4.698s] -- Build files have been written to: /home/khj/25project_ws/ros2/build/hesai_ros_driver
[4.707s] Invoked command in '/home/khj/25project_ws/ros2/build/hesai_ros_driver' returned '0': CMAKE_PREFIX_PATH=${CMAKE_PREFIX_PATH}:/home/khj/carla-ros-bridge/install/tracetools_image_pipeline:/home/khj/carla-ros-bridge/install/sensor_calibration_manager:/home/khj/carla-ros-bridge/install/tier4_tag_utils:/home/khj/carla-ros-bridge/install/tier4_api_utils:/home/khj/carla-ros-bridge/install/interactive_camera_lidar_calibrator:/home/khj/carla-ros-bridge/install/tier4_calibration_views:/home/khj/carla-ros-bridge/install/tier4_calibration_pcl_extensions:/home/khj/carla-ros-bridge/install/intrinsic_camera_calibrator:/home/khj/carla-ros-bridge/install/rqt_carla_control:/home/khj/carla-ros-bridge/install/carla_waypoint_publisher:/home/khj/carla-ros-bridge/install/carla_ackermann_control:/home/khj/carla-ros-bridge/install/carla_ros_bridge:/home/khj/carla-ros-bridge/install/carla_spawn_objects:/home/khj/carla-ros-bridge/install/carla_manual_control:/home/khj/carla-ros-bridge/install/carla_ad_agent:/home/khj/carla-ros-bridge/install/ros_compatibility:/home/khj/carla-ros-bridge/install/perception_utils:/home/khj/carla-ros-bridge/install/pcl_conversions:/home/khj/carla-ros-bridge/install/carla_walker_agent:/home/khj/carla-ros-bridge/install/carla_twist_to_control:/home/khj/carla-ros-bridge/install/carla_ros_scenario_runner:/home/khj/carla-ros-bridge/install/carla_common:/home/khj/carla-ros-bridge/install/camera_calibration:/home/khj/carla-ros-bridge/install/autoware_utils:/home/khj/carla-ros-bridge/install/autoware_topic_state_monitor:/home/khj/carla-ros-bridge/install/autoware_internal_planning_msgs:/home/khj/carla-ros-bridge/install/autoware_lint_common:/home/khj/carla-ros-bridge/install/autoware_learning_based_vehicle_model:/home/khj/carla-ros-bridge/install/autoware_common_msgs:/home/khj/carla-ros-bridge/install/autoware_adapi_visualizers:/opt/ros/humble /usr/local/bin/cmake /home/khj/25project_ws/ros2/src/HesaiLidar_ROS_2.0 -DCMAKE_INSTALL_PREFIX=/home/khj/25project_ws/ros2/install/hesai_ros_driver
[4.708s] Invoking command in '/home/khj/25project_ws/ros2/build/hesai_ros_driver': CMAKE_PREFIX_PATH=${CMAKE_PREFIX_PATH}:/home/khj/carla-ros-bridge/install/tracetools_image_pipeline:/home/khj/carla-ros-bridge/install/sensor_calibration_manager:/home/khj/carla-ros-bridge/install/tier4_tag_utils:/home/khj/carla-ros-bridge/install/tier4_api_utils:/home/khj/carla-ros-bridge/install/interactive_camera_lidar_calibrator:/home/khj/carla-ros-bridge/install/tier4_calibration_views:/home/khj/carla-ros-bridge/install/tier4_calibration_pcl_extensions:/home/khj/carla-ros-bridge/install/intrinsic_camera_calibrator:/home/khj/carla-ros-bridge/install/rqt_carla_control:/home/khj/carla-ros-bridge/install/carla_waypoint_publisher:/home/khj/carla-ros-bridge/install/carla_ackermann_control:/home/khj/carla-ros-bridge/install/carla_ros_bridge:/home/khj/carla-ros-bridge/install/carla_spawn_objects:/home/khj/carla-ros-bridge/install/carla_manual_control:/home/khj/carla-ros-bridge/install/carla_ad_agent:/home/khj/carla-ros-bridge/install/ros_compatibility:/home/khj/carla-ros-bridge/install/perception_utils:/home/khj/carla-ros-bridge/install/pcl_conversions:/home/khj/carla-ros-bridge/install/carla_walker_agent:/home/khj/carla-ros-bridge/install/carla_twist_to_control:/home/khj/carla-ros-bridge/install/carla_ros_scenario_runner:/home/khj/carla-ros-bridge/install/carla_common:/home/khj/carla-ros-bridge/install/camera_calibration:/home/khj/carla-ros-bridge/install/autoware_utils:/home/khj/carla-ros-bridge/install/autoware_topic_state_monitor:/home/khj/carla-ros-bridge/install/autoware_internal_planning_msgs:/home/khj/carla-ros-bridge/install/autoware_lint_common:/home/khj/carla-ros-bridge/install/autoware_learning_based_vehicle_model:/home/khj/carla-ros-bridge/install/autoware_common_msgs:/home/khj/carla-ros-bridge/install/autoware_adapi_visualizers:/opt/ros/humble /usr/local/bin/cmake --build /home/khj/25project_ws/ros2/build/hesai_ros_driver -- -j32 -l32
[4.744s] [  1%] [34m[1mGenerating C code for ROS interfaces[0m
[4.757s] [  2%] [34m[1mGenerating C++ code for ROS interfaces[0m
[4.758s] [  3%] [32mBuilding CXX object src/driver/HesaiLidar_SDK_2.0/libhesai/CMakeFiles/log_lib.dir/Logger/src/logger.cc.o[0m
[4.762s] [  3%] Built target ament_cmake_python_copy_hesai_ros_driver
[5.010s] running egg_info
[5.011s] creating hesai_ros_driver.egg-info
[5.011s] writing manifest file 'hesai_ros_driver.egg-info/SOURCES.txt'
[5.013s] writing manifest file 'hesai_ros_driver.egg-info/SOURCES.txt'
[5.032s] [  3%] Built target ament_cmake_python_build_hesai_ros_driver_egg
[5.067s] [  3%] Built target hesai_ros_driver__cpp
[5.076s] [  4%] [34m[1mGenerating C++ type support dispatch for ROS interfaces[0m
[5.077s] [  5%] [34m[1mGenerating C++ introspection for ROS interfaces[0m
[5.077s] [  6%] [34m[1mGenerating C++ type support for eProsima Fast-RTPS[0m
[5.084s] [  8%] [32mBuilding C object CMakeFiles/hesai_ros_driver__rosidl_generator_c.dir/rosidl_generator_c/hesai_ros_driver/msg/detail/udp_packet__functions.c.o[0m
[5.084s] [  8%] [32mBuilding C object CMakeFiles/hesai_ros_driver__rosidl_generator_c.dir/rosidl_generator_c/hesai_ros_driver/msg/detail/firetime__functions.c.o[0m
[5.084s] [  9%] [32mBuilding C object CMakeFiles/hesai_ros_driver__rosidl_generator_c.dir/rosidl_generator_c/hesai_ros_driver/msg/detail/udp_frame__functions.c.o[0m
[5.085s] [ 10%] [32mBuilding C object CMakeFiles/hesai_ros_driver__rosidl_generator_c.dir/rosidl_generator_c/hesai_ros_driver/msg/detail/ptp__functions.c.o[0m
[5.085s] [ 11%] [32mBuilding C object CMakeFiles/hesai_ros_driver__rosidl_generator_c.dir/rosidl_generator_c/hesai_ros_driver/msg/detail/loss_packet__functions.c.o[0m
[5.193s] [ 12%] [32m[1mLinking CXX shared library liblog_lib.so[0m
[5.209s] [ 13%] [32m[1mLinking C shared library libhesai_ros_driver__rosidl_generator_c.so[0m
[5.254s] [ 13%] Built target log_lib
[5.254s] [ 13%] Built target hesai_ros_driver__rosidl_generator_c
[5.263s] [ 14%] [34m[1mGenerating C type support for eProsima Fast-RTPS[0m
[5.265s] [ 15%] [34m[1mGenerating C introspection for ROS interfaces[0m
[5.265s] [ 17%] [34m[1mGenerating C type support dispatch for ROS interfaces[0m
[5.275s] [ 18%] [32mBuilding CXX object src/driver/HesaiLidar_SDK_2.0/libhesai/CMakeFiles/platutils_lib.dir/Common/src/plat_utils.cc.o[0m
[5.275s] [ 19%] [32mBuilding CXX object src/driver/HesaiLidar_SDK_2.0/libhesai/CMakeFiles/platutils_lib.dir/Common/src/auto_tick_count.cc.o[0m
[5.327s] [ 20%] [32mBuilding CXX object CMakeFiles/hesai_ros_driver__rosidl_typesupport_cpp.dir/rosidl_typesupport_cpp/hesai_ros_driver/msg/udp_packet__type_support.cpp.o[0m
[5.328s] [ 21%] [32mBuilding CXX object CMakeFiles/hesai_ros_driver__rosidl_typesupport_cpp.dir/rosidl_typesupport_cpp/hesai_ros_driver/msg/udp_frame__type_support.cpp.o[0m
[5.329s] [ 22%] [32mBuilding CXX object CMakeFiles/hesai_ros_driver__rosidl_typesupport_cpp.dir/rosidl_typesupport_cpp/hesai_ros_driver/msg/firetime__type_support.cpp.o[0m
[5.329s] [ 23%] [32mBuilding CXX object CMakeFiles/hesai_ros_driver__rosidl_typesupport_cpp.dir/rosidl_typesupport_cpp/hesai_ros_driver/msg/ptp__type_support.cpp.o[0m
[5.330s] [ 24%] [32mBuilding CXX object CMakeFiles/hesai_ros_driver__rosidl_typesupport_cpp.dir/rosidl_typesupport_cpp/hesai_ros_driver/msg/loss_packet__type_support.cpp.o[0m
[5.383s] [ 25%] [32mBuilding CXX object CMakeFiles/hesai_ros_driver__rosidl_typesupport_introspection_cpp.dir/rosidl_typesupport_introspection_cpp/hesai_ros_driver/msg/detail/udp_frame__type_support.cpp.o[0m
[5.385s] [ 26%] [32mBuilding CXX object CMakeFiles/hesai_ros_driver__rosidl_typesupport_introspection_cpp.dir/rosidl_typesupport_introspection_cpp/hesai_ros_driver/msg/detail/udp_packet__type_support.cpp.o[0m
[5.385s] [ 27%] [32mBuilding CXX object CMakeFiles/hesai_ros_driver__rosidl_typesupport_introspection_cpp.dir/rosidl_typesupport_introspection_cpp/hesai_ros_driver/msg/detail/ptp__type_support.cpp.o[0m
[5.386s] [ 28%] [32mBuilding CXX object CMakeFiles/hesai_ros_driver__rosidl_typesupport_introspection_cpp.dir/rosidl_typesupport_introspection_cpp/hesai_ros_driver/msg/detail/firetime__type_support.cpp.o[0m
[5.387s] [ 29%] [32mBuilding CXX object CMakeFiles/hesai_ros_driver__rosidl_typesupport_introspection_cpp.dir/rosidl_typesupport_introspection_cpp/hesai_ros_driver/msg/detail/loss_packet__type_support.cpp.o[0m
[5.388s] [ 30%] [32mBuilding CXX object CMakeFiles/hesai_ros_driver__rosidl_typesupport_fastrtps_cpp.dir/rosidl_typesupport_fastrtps_cpp/hesai_ros_driver/msg/detail/dds_fastrtps/udp_packet__type_support.cpp.o[0m
[5.388s] [ 31%] [32mBuilding CXX object CMakeFiles/hesai_ros_driver__rosidl_typesupport_fastrtps_cpp.dir/rosidl_typesupport_fastrtps_cpp/hesai_ros_driver/msg/detail/dds_fastrtps/loss_packet__type_support.cpp.o[0m
[5.389s] [ 32%] [32mBuilding CXX object CMakeFiles/hesai_ros_driver__rosidl_typesupport_fastrtps_cpp.dir/rosidl_typesupport_fastrtps_cpp/hesai_ros_driver/msg/detail/dds_fastrtps/firetime__type_support.cpp.o[0m
[5.390s] [ 34%] [32mBuilding CXX object CMakeFiles/hesai_ros_driver__rosidl_typesupport_fastrtps_cpp.dir/rosidl_typesupport_fastrtps_cpp/hesai_ros_driver/msg/detail/dds_fastrtps/udp_frame__type_support.cpp.o[0m
[5.391s] [ 35%] [32mBuilding CXX object CMakeFiles/hesai_ros_driver__rosidl_typesupport_fastrtps_cpp.dir/rosidl_typesupport_fastrtps_cpp/hesai_ros_driver/msg/detail/dds_fastrtps/ptp__type_support.cpp.o[0m
[5.586s] [ 36%] [32mBuilding CXX object CMakeFiles/hesai_ros_driver__rosidl_typesupport_c.dir/rosidl_typesupport_c/hesai_ros_driver/msg/loss_packet__type_support.cpp.o[0m
[5.588s] [ 38%] [32mBuilding CXX object CMakeFiles/hesai_ros_driver__rosidl_typesupport_c.dir/rosidl_typesupport_c/hesai_ros_driver/msg/udp_packet__type_support.cpp.o[0m
[5.588s] [ 38%] [32mBuilding CXX object CMakeFiles/hesai_ros_driver__rosidl_typesupport_c.dir/rosidl_typesupport_c/hesai_ros_driver/msg/udp_frame__type_support.cpp.o[0m
[5.589s] [ 39%] [32mBuilding CXX object CMakeFiles/hesai_ros_driver__rosidl_typesupport_c.dir/rosidl_typesupport_c/hesai_ros_driver/msg/ptp__type_support.cpp.o[0m
[5.589s] [ 40%] [32mBuilding CXX object CMakeFiles/hesai_ros_driver__rosidl_typesupport_c.dir/rosidl_typesupport_c/hesai_ros_driver/msg/firetime__type_support.cpp.o[0m
[5.639s] [ 41%] [32mBuilding CXX object CMakeFiles/hesai_ros_driver__rosidl_typesupport_fastrtps_c.dir/rosidl_typesupport_fastrtps_c/hesai_ros_driver/msg/detail/udp_packet__type_support_c.cpp.o[0m
[5.639s] [ 42%] [32mBuilding CXX object CMakeFiles/hesai_ros_driver__rosidl_typesupport_fastrtps_c.dir/rosidl_typesupport_fastrtps_c/hesai_ros_driver/msg/detail/udp_frame__type_support_c.cpp.o[0m
[5.640s] [ 44%] [32mBuilding CXX object CMakeFiles/hesai_ros_driver__rosidl_typesupport_fastrtps_c.dir/rosidl_typesupport_fastrtps_c/hesai_ros_driver/msg/detail/firetime__type_support_c.cpp.o[0m
[5.640s] [ 44%] [32mBuilding CXX object CMakeFiles/hesai_ros_driver__rosidl_typesupport_fastrtps_c.dir/rosidl_typesupport_fastrtps_c/hesai_ros_driver/msg/detail/loss_packet__type_support_c.cpp.o[0m
[5.640s] [ 45%] [32mBuilding CXX object CMakeFiles/hesai_ros_driver__rosidl_typesupport_fastrtps_c.dir/rosidl_typesupport_fastrtps_c/hesai_ros_driver/msg/detail/ptp__type_support_c.cpp.o[0m
[5.665s] [ 46%] [32m[1mLinking CXX shared library libhesai_ros_driver__rosidl_typesupport_c.so[0m
[5.713s] [ 46%] Built target hesai_ros_driver__rosidl_typesupport_c
[5.735s] [ 47%] [32mBuilding C object CMakeFiles/hesai_ros_driver__rosidl_typesupport_introspection_c.dir/rosidl_typesupport_introspection_c/hesai_ros_driver/msg/detail/udp_packet__type_support.c.o[0m
[5.736s] [ 48%] [32mBuilding C object CMakeFiles/hesai_ros_driver__rosidl_typesupport_introspection_c.dir/rosidl_typesupport_introspection_c/hesai_ros_driver/msg/detail/udp_frame__type_support.c.o[0m
[5.736s] [ 50%] [32mBuilding C object CMakeFiles/hesai_ros_driver__rosidl_typesupport_introspection_c.dir/rosidl_typesupport_introspection_c/hesai_ros_driver/msg/detail/firetime__type_support.c.o[0m
[5.737s] [ 52%] [32mBuilding C object CMakeFiles/hesai_ros_driver__rosidl_typesupport_introspection_c.dir/rosidl_typesupport_introspection_c/hesai_ros_driver/msg/detail/ptp__type_support.c.o[0m
[5.738s] [ 52%] [32mBuilding C object CMakeFiles/hesai_ros_driver__rosidl_typesupport_introspection_c.dir/rosidl_typesupport_introspection_c/hesai_ros_driver/msg/detail/loss_packet__type_support.c.o[0m
[5.848s] [ 53%] [32m[1mLinking C shared library libhesai_ros_driver__rosidl_typesupport_introspection_c.so[0m
[5.855s] [ 54%] [32m[1mLinking CXX shared library libhesai_ros_driver__rosidl_typesupport_cpp.so[0m
[5.890s] [ 54%] Built target hesai_ros_driver__rosidl_typesupport_introspection_c
[5.898s] [ 54%] Built target hesai_ros_driver__rosidl_typesupport_cpp
[6.064s] [ 55%] [32m[1mLinking CXX shared library libhesai_ros_driver__rosidl_typesupport_fastrtps_cpp.so[0m
[6.073s] [ 56%] [32m[1mLinking CXX shared library libhesai_ros_driver__rosidl_typesupport_introspection_cpp.so[0m
[6.124s] [ 56%] Built target hesai_ros_driver__rosidl_typesupport_fastrtps_cpp
[6.132s] [ 56%] Built target hesai_ros_driver__rosidl_typesupport_introspection_cpp
[6.147s] [ 57%] [32m[1mLinking CXX shared library libhesai_ros_driver__rosidl_typesupport_fastrtps_c.so[0m
[6.209s] [ 57%] Built target hesai_ros_driver__rosidl_typesupport_fastrtps_c
[6.228s] [ 57%] Built target hesai_ros_driver
[6.245s] [ 58%] [34m[1mGenerating Python code for ROS interfaces[0m
[6.280s] [ 59%] [32m[1mLinking CXX shared library libplatutils_lib.so[0m
[6.341s] [ 59%] Built target platutils_lib
[6.360s] [ 60%] [32mBuilding CXX object src/driver/HesaiLidar_SDK_2.0/libhesai/CMakeFiles/udpParser_lib.dir/UdpParser/udp_parser.cc.o[0m
[6.361s] [ 61%] [32mBuilding CXX object src/driver/HesaiLidar_SDK_2.0/libhesai/CMakeFiles/ptcClient_lib.dir/PtcParser/ptc_parser.cc.o[0m
[6.361s] [ 62%] [32mBuilding CXX object src/driver/HesaiLidar_SDK_2.0/libhesai/CMakeFiles/ptcClient_lib.dir/PtcParser/src/ptc_1_0_parser.cc.o[0m
[6.361s] [ 63%] [32mBuilding CXX object src/driver/HesaiLidar_SDK_2.0/libhesai/CMakeFiles/ptcClient_lib.dir/PtcClient/src/tcp_ssl_client.cc.o[0m
[6.362s] [ 64%] [32mBuilding CXX object src/driver/HesaiLidar_SDK_2.0/libhesai/CMakeFiles/source_lib.dir/Source/src/pcap_saver.cc.o[0m
[6.362s] [ 67%] [32mBuilding CXX object src/driver/HesaiLidar_SDK_2.0/libhesai/CMakeFiles/source_lib.dir/Source/src/tcp_source.cc.o[0m
[6.362s] [ 67%] [32mBuilding CXX object src/driver/HesaiLidar_SDK_2.0/libhesai/CMakeFiles/ptcClient_lib.dir/PtcClient/src/ptc_client.cc.o[0m
[6.362s] [ 68%] [32mBuilding CXX object src/driver/HesaiLidar_SDK_2.0/libhesai/CMakeFiles/ptcClient_lib.dir/PtcClient/src/tcp_client.cc.o[0m
[6.363s] [ 69%] [32mBuilding CXX object src/driver/HesaiLidar_SDK_2.0/libhesai/CMakeFiles/ptcClient_lib.dir/PtcParser/src/general_ptc_parser.cc.o[0m
[6.363s] [ 70%] [32mBuilding CXX object src/driver/HesaiLidar_SDK_2.0/libhesai/CMakeFiles/source_lib.dir/Source/src/pcap_source.cc.o[0m
[6.363s] [ 71%] [32mBuilding CXX object src/driver/HesaiLidar_SDK_2.0/libhesai/CMakeFiles/source_lib.dir/Source/src/source.cc.o[0m
[6.363s] [ 73%] [32mBuilding CXX object src/driver/HesaiLidar_SDK_2.0/libhesai/CMakeFiles/source_lib.dir/Source/src/socket_source.cc.o[0m
[6.363s] [ 73%] [32mBuilding CXX object src/driver/HesaiLidar_SDK_2.0/libhesai/CMakeFiles/source_lib.dir/Source/src/serial_source.cc.o[0m
[6.364s] [ 74%] [32mBuilding CXX object src/driver/HesaiLidar_SDK_2.0/libhesai/CMakeFiles/ptcClient_lib.dir/PtcParser/src/ptc_2_0_parser.cc.o[0m
[6.994s] [ 74%] Built target hesai_ros_driver__py
[7.018s] [ 75%] [32mBuilding C object CMakeFiles/hesai_ros_driver__rosidl_generator_py.dir/rosidl_generator_py/hesai_ros_driver/msg/_loss_packet_s.c.o[0m
[7.019s] [ 76%] [32mBuilding C object CMakeFiles/hesai_ros_driver__rosidl_generator_py.dir/rosidl_generator_py/hesai_ros_driver/msg/_udp_packet_s.c.o[0m
[7.019s] [ 77%] [32mBuilding C object CMakeFiles/hesai_ros_driver__rosidl_generator_py.dir/rosidl_generator_py/hesai_ros_driver/msg/_udp_frame_s.c.o[0m
[7.019s] [ 78%] [32mBuilding C object CMakeFiles/hesai_ros_driver__rosidl_generator_py.dir/rosidl_generator_py/hesai_ros_driver/msg/_firetime_s.c.o[0m
[7.020s] [ 79%] [32mBuilding C object CMakeFiles/hesai_ros_driver__rosidl_generator_py.dir/rosidl_generator_py/hesai_ros_driver/msg/_ptp_s.c.o[0m
[7.046s] [ 80%] [32m[1mLinking CXX shared library libudpParser_lib.so[0m
[7.132s] [ 80%] Built target udpParser_lib
[7.270s] [ 81%] [32m[1mLinking C shared library rosidl_generator_py/hesai_ros_driver/libhesai_ros_driver__rosidl_generator_py.so[0m
[7.312s] [ 81%] Built target hesai_ros_driver__rosidl_generator_py
[7.332s] [ 82%] [32mBuilding C object CMakeFiles/hesai_ros_driver__rosidl_typesupport_c__pyext.dir/rosidl_generator_py/hesai_ros_driver/_hesai_ros_driver_s.ep.rosidl_typesupport_c.c.o[0m
[7.332s] [ 84%] [32mBuilding C object CMakeFiles/hesai_ros_driver__rosidl_typesupport_fastrtps_c__pyext.dir/rosidl_generator_py/hesai_ros_driver/_hesai_ros_driver_s.ep.rosidl_typesupport_fastrtps_c.c.o[0m
[7.332s] [ 85%] [32mBuilding C object CMakeFiles/hesai_ros_driver__rosidl_typesupport_introspection_c__pyext.dir/rosidl_generator_py/hesai_ros_driver/_hesai_ros_driver_s.ep.rosidl_typesupport_introspection_c.c.o[0m
[7.392s] [ 86%] [32m[1mLinking CXX shared library libsource_lib.so[0m
[7.463s] [ 86%] Built target source_lib
[7.482s] [ 87%] [32mBuilding CXX object src/driver/HesaiLidar_SDK_2.0/libhesai/CMakeFiles/serialClient_lib.dir/SerialClient/src/serial_client.cc.o[0m
[7.503s] [ 88%] [32m[1mLinking C shared library rosidl_generator_py/hesai_ros_driver/hesai_ros_driver_s__rosidl_typesupport_introspection_c.cpython-310-x86_64-linux-gnu.so[0m
[7.503s] [ 89%] [32m[1mLinking C shared library rosidl_generator_py/hesai_ros_driver/hesai_ros_driver_s__rosidl_typesupport_fastrtps_c.cpython-310-x86_64-linux-gnu.so[0m
[7.505s] [ 90%] [32m[1mLinking C shared library rosidl_generator_py/hesai_ros_driver/hesai_ros_driver_s__rosidl_typesupport_c.cpython-310-x86_64-linux-gnu.so[0m
[7.539s] [ 90%] Built target hesai_ros_driver__rosidl_typesupport_fastrtps_c__pyext
[7.540s] [ 90%] Built target hesai_ros_driver__rosidl_typesupport_c__pyext
[7.540s] [ 90%] Built target hesai_ros_driver__rosidl_typesupport_introspection_c__pyext
[8.043s] [ 91%] [32m[1mLinking CXX shared library libptcClient_lib.so[0m
[8.128s] [ 91%] Built target ptcClient_lib
[8.427s] [ 92%] [32m[1mLinking CXX shared library libserialClient_lib.so[0m
[8.493s] [ 92%] Built target serialClient_lib
[8.518s] [ 93%] [32mBuilding CXX object src/driver/HesaiLidar_SDK_2.0/libhesai/CMakeFiles/lidar_lib.dir/Lidar/lidar.cc.o[0m
[9.191s] [ 94%] [32m[1mLinking CXX shared library liblidar_lib.so[0m
[9.266s] [ 94%] Built target lidar_lib
[9.290s] [ 95%] [32mBuilding CXX object src/driver/HesaiLidar_SDK_2.0/CMakeFiles/hesai_sdk_lib.dir/driver/hesai_lidar_sdk.cc.o[0m
[9.974s] [ 96%] [32m[1mLinking CXX shared library libhesai_sdk_lib.so[0m
[10.042s] [ 96%] Built target hesai_sdk_lib
[10.065s] [ 97%] [32mBuilding CXX object CMakeFiles/hesai_ros_driver_node.dir/node/hesai_ros_driver_node.cc.o[0m
[10.066s] [ 98%] [32mBuilding CXX object CMakeFiles/hesai_ros_driver_node.dir/src/manager/node_manager.cc.o[0m
[30.030s] [100%] [32m[1mLinking CXX executable hesai_ros_driver_node[0m
[30.301s] [100%] Built target hesai_ros_driver_node
[30.312s] Invoked command in '/home/khj/25project_ws/ros2/build/hesai_ros_driver' returned '0': CMAKE_PREFIX_PATH=${CMAKE_PREFIX_PATH}:/home/khj/carla-ros-bridge/install/tracetools_image_pipeline:/home/khj/carla-ros-bridge/install/sensor_calibration_manager:/home/khj/carla-ros-bridge/install/tier4_tag_utils:/home/khj/carla-ros-bridge/install/tier4_api_utils:/home/khj/carla-ros-bridge/install/interactive_camera_lidar_calibrator:/home/khj/carla-ros-bridge/install/tier4_calibration_views:/home/khj/carla-ros-bridge/install/tier4_calibration_pcl_extensions:/home/khj/carla-ros-bridge/install/intrinsic_camera_calibrator:/home/khj/carla-ros-bridge/install/rqt_carla_control:/home/khj/carla-ros-bridge/install/carla_waypoint_publisher:/home/khj/carla-ros-bridge/install/carla_ackermann_control:/home/khj/carla-ros-bridge/install/carla_ros_bridge:/home/khj/carla-ros-bridge/install/carla_spawn_objects:/home/khj/carla-ros-bridge/install/carla_manual_control:/home/khj/carla-ros-bridge/install/carla_ad_agent:/home/khj/carla-ros-bridge/install/ros_compatibility:/home/khj/carla-ros-bridge/install/perception_utils:/home/khj/carla-ros-bridge/install/pcl_conversions:/home/khj/carla-ros-bridge/install/carla_walker_agent:/home/khj/carla-ros-bridge/install/carla_twist_to_control:/home/khj/carla-ros-bridge/install/carla_ros_scenario_runner:/home/khj/carla-ros-bridge/install/carla_common:/home/khj/carla-ros-bridge/install/camera_calibration:/home/khj/carla-ros-bridge/install/autoware_utils:/home/khj/carla-ros-bridge/install/autoware_topic_state_monitor:/home/khj/carla-ros-bridge/install/autoware_internal_planning_msgs:/home/khj/carla-ros-bridge/install/autoware_lint_common:/home/khj/carla-ros-bridge/install/autoware_learning_based_vehicle_model:/home/khj/carla-ros-bridge/install/autoware_common_msgs:/home/khj/carla-ros-bridge/install/autoware_adapi_visualizers:/opt/ros/humble /usr/local/bin/cmake --build /home/khj/25project_ws/ros2/build/hesai_ros_driver -- -j32 -l32
[30.321s] Invoking command in '/home/khj/25project_ws/ros2/build/hesai_ros_driver': CMAKE_PREFIX_PATH=${CMAKE_PREFIX_PATH}:/home/khj/carla-ros-bridge/install/tracetools_image_pipeline:/home/khj/carla-ros-bridge/install/sensor_calibration_manager:/home/khj/carla-ros-bridge/install/tier4_tag_utils:/home/khj/carla-ros-bridge/install/tier4_api_utils:/home/khj/carla-ros-bridge/install/interactive_camera_lidar_calibrator:/home/khj/carla-ros-bridge/install/tier4_calibration_views:/home/khj/carla-ros-bridge/install/tier4_calibration_pcl_extensions:/home/khj/carla-ros-bridge/install/intrinsic_camera_calibrator:/home/khj/carla-ros-bridge/install/rqt_carla_control:/home/khj/carla-ros-bridge/install/carla_waypoint_publisher:/home/khj/carla-ros-bridge/install/carla_ackermann_control:/home/khj/carla-ros-bridge/install/carla_ros_bridge:/home/khj/carla-ros-bridge/install/carla_spawn_objects:/home/khj/carla-ros-bridge/install/carla_manual_control:/home/khj/carla-ros-bridge/install/carla_ad_agent:/home/khj/carla-ros-bridge/install/ros_compatibility:/home/khj/carla-ros-bridge/install/perception_utils:/home/khj/carla-ros-bridge/install/pcl_conversions:/home/khj/carla-ros-bridge/install/carla_walker_agent:/home/khj/carla-ros-bridge/install/carla_twist_to_control:/home/khj/carla-ros-bridge/install/carla_ros_scenario_runner:/home/khj/carla-ros-bridge/install/carla_common:/home/khj/carla-ros-bridge/install/camera_calibration:/home/khj/carla-ros-bridge/install/autoware_utils:/home/khj/carla-ros-bridge/install/autoware_topic_state_monitor:/home/khj/carla-ros-bridge/install/autoware_internal_planning_msgs:/home/khj/carla-ros-bridge/install/autoware_lint_common:/home/khj/carla-ros-bridge/install/autoware_learning_based_vehicle_model:/home/khj/carla-ros-bridge/install/autoware_common_msgs:/home/khj/carla-ros-bridge/install/autoware_adapi_visualizers:/opt/ros/humble /usr/local/bin/cmake --install /home/khj/25project_ws/ros2/build/hesai_ros_driver
[30.329s] -- Install configuration: "Release"
[30.329s] -- Installing: /home/khj/25project_ws/ros2/install/hesai_ros_driver/share/ament_index/resource_index/rosidl_interfaces/hesai_ros_driver
[30.329s] -- Installing: /home/khj/25project_ws/ros2/install/hesai_ros_driver/include/hesai_ros_driver/hesai_ros_driver
[30.329s] -- Installing: /home/khj/25project_ws/ros2/install/hesai_ros_driver/include/hesai_ros_driver/hesai_ros_driver/msg
[30.329s] -- Installing: /home/khj/25project_ws/ros2/install/hesai_ros_driver/include/hesai_ros_driver/hesai_ros_driver/msg/udp_packet.h
[30.329s] -- Installing: /home/khj/25project_ws/ros2/install/hesai_ros_driver/include/hesai_ros_driver/hesai_ros_driver/msg/udp_frame.h
[30.329s] -- Installing: /home/khj/25project_ws/ros2/install/hesai_ros_driver/include/hesai_ros_driver/hesai_ros_driver/msg/ptp.h
[30.330s] -- Installing: /home/khj/25project_ws/ros2/install/hesai_ros_driver/include/hesai_ros_driver/hesai_ros_driver/msg/firetime.h
[30.330s] -- Installing: /home/khj/25project_ws/ros2/install/hesai_ros_driver/include/hesai_ros_driver/hesai_ros_driver/msg/rosidl_generator_c__visibility_control.h
[30.330s] -- Installing: /home/khj/25project_ws/ros2/install/hesai_ros_driver/include/hesai_ros_driver/hesai_ros_driver/msg/detail
[30.330s] -- Installing: /home/khj/25project_ws/ros2/install/hesai_ros_driver/include/hesai_ros_driver/hesai_ros_driver/msg/detail/firetime__functions.c
[30.330s] -- Installing: /home/khj/25project_ws/ros2/install/hesai_ros_driver/include/hesai_ros_driver/hesai_ros_driver/msg/detail/loss_packet__type_support.h
[30.330s] -- Installing: /home/khj/25project_ws/ros2/install/hesai_ros_driver/include/hesai_ros_driver/hesai_ros_driver/msg/detail/udp_packet__type_support.h
[30.330s] -- Installing: /home/khj/25project_ws/ros2/install/hesai_ros_driver/include/hesai_ros_driver/hesai_ros_driver/msg/detail/loss_packet__functions.c
[30.330s] -- Installing: /home/khj/25project_ws/ros2/install/hesai_ros_driver/include/hesai_ros_driver/hesai_ros_driver/msg/detail/firetime__type_support.h
[30.330s] -- Installing: /home/khj/25project_ws/ros2/install/hesai_ros_driver/include/hesai_ros_driver/hesai_ros_driver/msg/detail/udp_packet__functions.h
[30.330s] -- Installing: /home/khj/25project_ws/ros2/install/hesai_ros_driver/include/hesai_ros_driver/hesai_ros_driver/msg/detail/loss_packet__struct.h
[30.330s] -- Installing: /home/khj/25project_ws/ros2/install/hesai_ros_driver/include/hesai_ros_driver/hesai_ros_driver/msg/detail/firetime__struct.h
[30.330s] -- Installing: /home/khj/25project_ws/ros2/install/hesai_ros_driver/include/hesai_ros_driver/hesai_ros_driver/msg/detail/udp_packet__struct.h
[30.331s] -- Installing: /home/khj/25project_ws/ros2/install/hesai_ros_driver/include/hesai_ros_driver/hesai_ros_driver/msg/detail/udp_frame__struct.h
[30.331s] -- Installing: /home/khj/25project_ws/ros2/install/hesai_ros_driver/include/hesai_ros_driver/hesai_ros_driver/msg/detail/ptp__functions.h
[30.331s] -- Installing: /home/khj/25project_ws/ros2/install/hesai_ros_driver/include/hesai_ros_driver/hesai_ros_driver/msg/detail/loss_packet__functions.h
[30.331s] -- Installing: /home/khj/25project_ws/ros2/install/hesai_ros_driver/include/hesai_ros_driver/hesai_ros_driver/msg/detail/udp_packet__functions.c
[30.331s] -- Installing: /home/khj/25project_ws/ros2/install/hesai_ros_driver/include/hesai_ros_driver/hesai_ros_driver/msg/detail/udp_frame__type_support.h
[30.331s] -- Installing: /home/khj/25project_ws/ros2/install/hesai_ros_driver/include/hesai_ros_driver/hesai_ros_driver/msg/detail/udp_frame__functions.c
[30.331s] -- Installing: /home/khj/25project_ws/ros2/install/hesai_ros_driver/include/hesai_ros_driver/hesai_ros_driver/msg/detail/ptp__struct.h
[30.331s] -- Installing: /home/khj/25project_ws/ros2/install/hesai_ros_driver/include/hesai_ros_driver/hesai_ros_driver/msg/detail/firetime__functions.h
[30.331s] -- Installing: /home/khj/25project_ws/ros2/install/hesai_ros_driver/include/hesai_ros_driver/hesai_ros_driver/msg/detail/ptp__functions.c
[30.331s] -- Installing: /home/khj/25project_ws/ros2/install/hesai_ros_driver/include/hesai_ros_driver/hesai_ros_driver/msg/detail/ptp__type_support.h
[30.331s] -- Installing: /home/khj/25project_ws/ros2/install/hesai_ros_driver/include/hesai_ros_driver/hesai_ros_driver/msg/detail/udp_frame__functions.h
[30.331s] -- Installing: /home/khj/25project_ws/ros2/install/hesai_ros_driver/include/hesai_ros_driver/hesai_ros_driver/msg/loss_packet.h
[30.331s] -- Installing: /home/khj/25project_ws/ros2/install/hesai_ros_driver/share/hesai_ros_driver/environment/library_path.sh
[30.331s] -- Installing: /home/khj/25project_ws/ros2/install/hesai_ros_driver/share/hesai_ros_driver/environment/library_path.dsv
[30.331s] -- Installing: /home/khj/25project_ws/ros2/install/hesai_ros_driver/lib/libhesai_ros_driver__rosidl_generator_c.so
[30.332s] -- Set non-toolchain portion of runtime path of "/home/khj/25project_ws/ros2/install/hesai_ros_driver/lib/libhesai_ros_driver__rosidl_generator_c.so" to ""
[30.332s] -- Up-to-date: /home/khj/25project_ws/ros2/install/hesai_ros_driver/include/hesai_ros_driver/hesai_ros_driver
[30.332s] -- Up-to-date: /home/khj/25project_ws/ros2/install/hesai_ros_driver/include/hesai_ros_driver/hesai_ros_driver/msg
[30.332s] -- Installing: /home/khj/25project_ws/ros2/install/hesai_ros_driver/include/hesai_ros_driver/hesai_ros_driver/msg/rosidl_typesupport_fastrtps_c__visibility_control.h
[30.332s] -- Up-to-date: /home/khj/25project_ws/ros2/install/hesai_ros_driver/include/hesai_ros_driver/hesai_ros_driver/msg/detail
[30.332s] -- Installing: /home/khj/25project_ws/ros2/install/hesai_ros_driver/include/hesai_ros_driver/hesai_ros_driver/msg/detail/udp_frame__rosidl_typesupport_fastrtps_c.h
[30.332s] -- Installing: /home/khj/25project_ws/ros2/install/hesai_ros_driver/include/hesai_ros_driver/hesai_ros_driver/msg/detail/udp_packet__rosidl_typesupport_fastrtps_c.h
[30.332s] -- Installing: /home/khj/25project_ws/ros2/install/hesai_ros_driver/include/hesai_ros_driver/hesai_ros_driver/msg/detail/ptp__rosidl_typesupport_fastrtps_c.h
[30.332s] -- Installing: /home/khj/25project_ws/ros2/install/hesai_ros_driver/include/hesai_ros_driver/hesai_ros_driver/msg/detail/loss_packet__rosidl_typesupport_fastrtps_c.h
[30.332s] -- Installing: /home/khj/25project_ws/ros2/install/hesai_ros_driver/include/hesai_ros_driver/hesai_ros_driver/msg/detail/firetime__rosidl_typesupport_fastrtps_c.h
[30.333s] -- Installing: /home/khj/25project_ws/ros2/install/hesai_ros_driver/lib/libhesai_ros_driver__rosidl_typesupport_fastrtps_c.so
[30.333s] -- Set non-toolchain portion of runtime path of "/home/khj/25project_ws/ros2/install/hesai_ros_driver/lib/libhesai_ros_driver__rosidl_typesupport_fastrtps_c.so" to ""
[30.333s] -- Up-to-date: /home/khj/25project_ws/ros2/install/hesai_ros_driver/include/hesai_ros_driver/hesai_ros_driver
[30.333s] -- Up-to-date: /home/khj/25project_ws/ros2/install/hesai_ros_driver/include/hesai_ros_driver/hesai_ros_driver/msg
[30.333s] -- Installing: /home/khj/25project_ws/ros2/install/hesai_ros_driver/include/hesai_ros_driver/hesai_ros_driver/msg/rosidl_generator_cpp__visibility_control.hpp
[30.333s] -- Installing: /home/khj/25project_ws/ros2/install/hesai_ros_driver/include/hesai_ros_driver/hesai_ros_driver/msg/udp_frame.hpp
[30.333s] -- Installing: /home/khj/25project_ws/ros2/install/hesai_ros_driver/include/hesai_ros_driver/hesai_ros_driver/msg/firetime.hpp
[30.333s] -- Installing: /home/khj/25project_ws/ros2/install/hesai_ros_driver/include/hesai_ros_driver/hesai_ros_driver/msg/loss_packet.hpp
[30.333s] -- Up-to-date: /home/khj/25project_ws/ros2/install/hesai_ros_driver/include/hesai_ros_driver/hesai_ros_driver/msg/detail
[30.333s] -- Installing: /home/khj/25project_ws/ros2/install/hesai_ros_driver/include/hesai_ros_driver/hesai_ros_driver/msg/detail/udp_packet__traits.hpp
[30.333s] -- Installing: /home/khj/25project_ws/ros2/install/hesai_ros_driver/include/hesai_ros_driver/hesai_ros_driver/msg/detail/udp_frame__struct.hpp
[30.333s] -- Installing: /home/khj/25project_ws/ros2/install/hesai_ros_driver/include/hesai_ros_driver/hesai_ros_driver/msg/detail/ptp__builder.hpp
[30.333s] -- Installing: /home/khj/25project_ws/ros2/install/hesai_ros_driver/include/hesai_ros_driver/hesai_ros_driver/msg/detail/firetime__traits.hpp
[30.334s] -- Installing: /home/khj/25project_ws/ros2/install/hesai_ros_driver/include/hesai_ros_driver/hesai_ros_driver/msg/detail/loss_packet__traits.hpp
[30.334s] -- Installing: /home/khj/25project_ws/ros2/install/hesai_ros_driver/include/hesai_ros_driver/hesai_ros_driver/msg/detail/loss_packet__struct.hpp
[30.334s] -- Installing: /home/khj/25project_ws/ros2/install/hesai_ros_driver/include/hesai_ros_driver/hesai_ros_driver/msg/detail/firetime__struct.hpp
[30.334s] -- Installing: /home/khj/25project_ws/ros2/install/hesai_ros_driver/include/hesai_ros_driver/hesai_ros_driver/msg/detail/udp_frame__traits.hpp
[30.334s] -- Installing: /home/khj/25project_ws/ros2/install/hesai_ros_driver/include/hesai_ros_driver/hesai_ros_driver/msg/detail/ptp__type_support.hpp
[30.334s] -- Installing: /home/khj/25project_ws/ros2/install/hesai_ros_driver/include/hesai_ros_driver/hesai_ros_driver/msg/detail/ptp__struct.hpp
[30.334s] -- Installing: /home/khj/25project_ws/ros2/install/hesai_ros_driver/include/hesai_ros_driver/hesai_ros_driver/msg/detail/ptp__traits.hpp
[30.334s] -- Installing: /home/khj/25project_ws/ros2/install/hesai_ros_driver/include/hesai_ros_driver/hesai_ros_driver/msg/detail/udp_frame__builder.hpp
[30.334s] -- Installing: /home/khj/25project_ws/ros2/install/hesai_ros_driver/include/hesai_ros_driver/hesai_ros_driver/msg/detail/udp_packet__struct.hpp
[30.334s] -- Installing: /home/khj/25project_ws/ros2/install/hesai_ros_driver/include/hesai_ros_driver/hesai_ros_driver/msg/detail/udp_frame__type_support.hpp
[30.334s] -- Installing: /home/khj/25project_ws/ros2/install/hesai_ros_driver/include/hesai_ros_driver/hesai_ros_driver/msg/detail/firetime__type_support.hpp
[30.334s] -- Installing: /home/khj/25project_ws/ros2/install/hesai_ros_driver/include/hesai_ros_driver/hesai_ros_driver/msg/detail/udp_packet__type_support.hpp
[30.334s] -- Installing: /home/khj/25project_ws/ros2/install/hesai_ros_driver/include/hesai_ros_driver/hesai_ros_driver/msg/detail/loss_packet__builder.hpp
[30.334s] -- Installing: /home/khj/25project_ws/ros2/install/hesai_ros_driver/include/hesai_ros_driver/hesai_ros_driver/msg/detail/udp_packet__builder.hpp
[30.334s] -- Installing: /home/khj/25project_ws/ros2/install/hesai_ros_driver/include/hesai_ros_driver/hesai_ros_driver/msg/detail/loss_packet__type_support.hpp
[30.334s] -- Installing: /home/khj/25project_ws/ros2/install/hesai_ros_driver/include/hesai_ros_driver/hesai_ros_driver/msg/detail/firetime__builder.hpp
[30.335s] -- Installing: /home/khj/25project_ws/ros2/install/hesai_ros_driver/include/hesai_ros_driver/hesai_ros_driver/msg/ptp.hpp
[30.335s] -- Installing: /home/khj/25project_ws/ros2/install/hesai_ros_driver/include/hesai_ros_driver/hesai_ros_driver/msg/udp_packet.hpp
[30.335s] -- Up-to-date: /home/khj/25project_ws/ros2/install/hesai_ros_driver/include/hesai_ros_driver/hesai_ros_driver
[30.335s] -- Up-to-date: /home/khj/25project_ws/ros2/install/hesai_ros_driver/include/hesai_ros_driver/hesai_ros_driver/msg
[30.335s] -- Installing: /home/khj/25project_ws/ros2/install/hesai_ros_driver/include/hesai_ros_driver/hesai_ros_driver/msg/rosidl_typesupport_fastrtps_cpp__visibility_control.h
[30.335s] -- Up-to-date: /home/khj/25project_ws/ros2/install/hesai_ros_driver/include/hesai_ros_driver/hesai_ros_driver/msg/detail
[30.335s] -- Installing: /home/khj/25project_ws/ros2/install/hesai_ros_driver/include/hesai_ros_driver/hesai_ros_driver/msg/detail/loss_packet__rosidl_typesupport_fastrtps_cpp.hpp
[30.335s] -- Installing: /home/khj/25project_ws/ros2/install/hesai_ros_driver/include/hesai_ros_driver/hesai_ros_driver/msg/detail/udp_frame__rosidl_typesupport_fastrtps_cpp.hpp
[30.335s] -- Installing: /home/khj/25project_ws/ros2/install/hesai_ros_driver/include/hesai_ros_driver/hesai_ros_driver/msg/detail/firetime__rosidl_typesupport_fastrtps_cpp.hpp
[30.335s] -- Installing: /home/khj/25project_ws/ros2/install/hesai_ros_driver/include/hesai_ros_driver/hesai_ros_driver/msg/detail/dds_fastrtps
[30.335s] -- Installing: /home/khj/25project_ws/ros2/install/hesai_ros_driver/include/hesai_ros_driver/hesai_ros_driver/msg/detail/ptp__rosidl_typesupport_fastrtps_cpp.hpp
[30.335s] -- Installing: /home/khj/25project_ws/ros2/install/hesai_ros_driver/include/hesai_ros_driver/hesai_ros_driver/msg/detail/udp_packet__rosidl_typesupport_fastrtps_cpp.hpp
[30.335s] -- Installing: /home/khj/25project_ws/ros2/install/hesai_ros_driver/lib/libhesai_ros_driver__rosidl_typesupport_fastrtps_cpp.so
[30.335s] -- Set non-toolchain portion of runtime path of "/home/khj/25project_ws/ros2/install/hesai_ros_driver/lib/libhesai_ros_driver__rosidl_typesupport_fastrtps_cpp.so" to ""
[30.335s] -- Up-to-date: /home/khj/25project_ws/ros2/install/hesai_ros_driver/include/hesai_ros_driver/hesai_ros_driver
[30.336s] -- Up-to-date: /home/khj/25project_ws/ros2/install/hesai_ros_driver/include/hesai_ros_driver/hesai_ros_driver/msg
[30.336s] -- Installing: /home/khj/25project_ws/ros2/install/hesai_ros_driver/include/hesai_ros_driver/hesai_ros_driver/msg/rosidl_typesupport_introspection_c__visibility_control.h
[30.336s] -- Up-to-date: /home/khj/25project_ws/ros2/install/hesai_ros_driver/include/hesai_ros_driver/hesai_ros_driver/msg/detail
[30.336s] -- Installing: /home/khj/25project_ws/ros2/install/hesai_ros_driver/include/hesai_ros_driver/hesai_ros_driver/msg/detail/firetime__type_support.c
[30.336s] -- Installing: /home/khj/25project_ws/ros2/install/hesai_ros_driver/include/hesai_ros_driver/hesai_ros_driver/msg/detail/udp_packet__type_support.c
[30.336s] -- Installing: /home/khj/25project_ws/ros2/install/hesai_ros_driver/include/hesai_ros_driver/hesai_ros_driver/msg/detail/loss_packet__type_support.c
[30.336s] -- Installing: /home/khj/25project_ws/ros2/install/hesai_ros_driver/include/hesai_ros_driver/hesai_ros_driver/msg/detail/ptp__rosidl_typesupport_introspection_c.h
[30.336s] -- Installing: /home/khj/25project_ws/ros2/install/hesai_ros_driver/include/hesai_ros_driver/hesai_ros_driver/msg/detail/ptp__type_support.c
[30.336s] -- Installing: /home/khj/25project_ws/ros2/install/hesai_ros_driver/include/hesai_ros_driver/hesai_ros_driver/msg/detail/loss_packet__rosidl_typesupport_introspection_c.h
[30.336s] -- Installing: /home/khj/25project_ws/ros2/install/hesai_ros_driver/include/hesai_ros_driver/hesai_ros_driver/msg/detail/udp_frame__type_support.c
[30.336s] -- Installing: /home/khj/25project_ws/ros2/install/hesai_ros_driver/include/hesai_ros_driver/hesai_ros_driver/msg/detail/udp_frame__rosidl_typesupport_introspection_c.h
[30.336s] -- Installing: /home/khj/25project_ws/ros2/install/hesai_ros_driver/include/hesai_ros_driver/hesai_ros_driver/msg/detail/firetime__rosidl_typesupport_introspection_c.h
[30.336s] -- Installing: /home/khj/25project_ws/ros2/install/hesai_ros_driver/include/hesai_ros_driver/hesai_ros_driver/msg/detail/udp_packet__rosidl_typesupport_introspection_c.h
[30.336s] -- Installing: /home/khj/25project_ws/ros2/install/hesai_ros_driver/lib/libhesai_ros_driver__rosidl_typesupport_introspection_c.so
[30.336s] -- Set non-toolchain portion of runtime path of "/home/khj/25project_ws/ros2/install/hesai_ros_driver/lib/libhesai_ros_driver__rosidl_typesupport_introspection_c.so" to ""
[30.336s] -- Installing: /home/khj/25project_ws/ros2/install/hesai_ros_driver/lib/libhesai_ros_driver__rosidl_typesupport_c.so
[30.337s] -- Set non-toolchain portion of runtime path of "/home/khj/25project_ws/ros2/install/hesai_ros_driver/lib/libhesai_ros_driver__rosidl_typesupport_c.so" to ""
[30.337s] -- Up-to-date: /home/khj/25project_ws/ros2/install/hesai_ros_driver/include/hesai_ros_driver/hesai_ros_driver
[30.337s] -- Up-to-date: /home/khj/25project_ws/ros2/install/hesai_ros_driver/include/hesai_ros_driver/hesai_ros_driver/msg
[30.337s] -- Up-to-date: /home/khj/25project_ws/ros2/install/hesai_ros_driver/include/hesai_ros_driver/hesai_ros_driver/msg/detail
[30.337s] -- Installing: /home/khj/25project_ws/ros2/install/hesai_ros_driver/include/hesai_ros_driver/hesai_ros_driver/msg/detail/firetime__rosidl_typesupport_introspection_cpp.hpp
[30.337s] -- Installing: /home/khj/25project_ws/ros2/install/hesai_ros_driver/include/hesai_ros_driver/hesai_ros_driver/msg/detail/ptp__rosidl_typesupport_introspection_cpp.hpp
[30.337s] -- Installing: /home/khj/25project_ws/ros2/install/hesai_ros_driver/include/hesai_ros_driver/hesai_ros_driver/msg/detail/ptp__type_support.cpp
[30.337s] -- Installing: /home/khj/25project_ws/ros2/install/hesai_ros_driver/include/hesai_ros_driver/hesai_ros_driver/msg/detail/udp_frame__type_support.cpp
[30.337s] -- Installing: /home/khj/25project_ws/ros2/install/hesai_ros_driver/include/hesai_ros_driver/hesai_ros_driver/msg/detail/loss_packet__type_support.cpp
[30.337s] -- Installing: /home/khj/25project_ws/ros2/install/hesai_ros_driver/include/hesai_ros_driver/hesai_ros_driver/msg/detail/udp_packet__rosidl_typesupport_introspection_cpp.hpp
[30.337s] -- Installing: /home/khj/25project_ws/ros2/install/hesai_ros_driver/include/hesai_ros_driver/hesai_ros_driver/msg/detail/firetime__type_support.cpp
[30.337s] -- Installing: /home/khj/25project_ws/ros2/install/hesai_ros_driver/include/hesai_ros_driver/hesai_ros_driver/msg/detail/loss_packet__rosidl_typesupport_introspection_cpp.hpp
[30.337s] -- Installing: /home/khj/25project_ws/ros2/install/hesai_ros_driver/include/hesai_ros_driver/hesai_ros_driver/msg/detail/udp_packet__type_support.cpp
[30.337s] -- Installing: /home/khj/25project_ws/ros2/install/hesai_ros_driver/include/hesai_ros_driver/hesai_ros_driver/msg/detail/udp_frame__rosidl_typesupport_introspection_cpp.hpp
[30.337s] -- Installing: /home/khj/25project_ws/ros2/install/hesai_ros_driver/lib/libhesai_ros_driver__rosidl_typesupport_introspection_cpp.so
[30.337s] -- Set non-toolchain portion of runtime path of "/home/khj/25project_ws/ros2/install/hesai_ros_driver/lib/libhesai_ros_driver__rosidl_typesupport_introspection_cpp.so" to ""
[30.337s] -- Installing: /home/khj/25project_ws/ros2/install/hesai_ros_driver/lib/libhesai_ros_driver__rosidl_typesupport_cpp.so
[30.338s] -- Set non-toolchain portion of runtime path of "/home/khj/25project_ws/ros2/install/hesai_ros_driver/lib/libhesai_ros_driver__rosidl_typesupport_cpp.so" to ""
[30.338s] -- Installing: /home/khj/25project_ws/ros2/install/hesai_ros_driver/share/hesai_ros_driver/environment/pythonpath.sh
[30.338s] -- Installing: /home/khj/25project_ws/ros2/install/hesai_ros_driver/share/hesai_ros_driver/environment/pythonpath.dsv
[30.338s] -- Installing: /home/khj/25project_ws/ros2/install/hesai_ros_driver/local/lib/python3.10/dist-packages/hesai_ros_driver-1.5.0-py3.10.egg-info
[30.338s] -- Installing: /home/khj/25project_ws/ros2/install/hesai_ros_driver/local/lib/python3.10/dist-packages/hesai_ros_driver-1.5.0-py3.10.egg-info/dependency_links.txt
[30.338s] -- Installing: /home/khj/25project_ws/ros2/install/hesai_ros_driver/local/lib/python3.10/dist-packages/hesai_ros_driver-1.5.0-py3.10.egg-info/SOURCES.txt
[30.338s] -- Installing: /home/khj/25project_ws/ros2/install/hesai_ros_driver/local/lib/python3.10/dist-packages/hesai_ros_driver-1.5.0-py3.10.egg-info/top_level.txt
[30.338s] -- Installing: /home/khj/25project_ws/ros2/install/hesai_ros_driver/local/lib/python3.10/dist-packages/hesai_ros_driver-1.5.0-py3.10.egg-info/PKG-INFO
[30.338s] -- Installing: /home/khj/25project_ws/ros2/install/hesai_ros_driver/local/lib/python3.10/dist-packages/hesai_ros_driver
[30.338s] -- Installing: /home/khj/25project_ws/ros2/install/hesai_ros_driver/local/lib/python3.10/dist-packages/hesai_ros_driver/_hesai_ros_driver_s.ep.rosidl_typesupport_fastrtps_c.c
[30.338s] -- Installing: /home/khj/25project_ws/ros2/install/hesai_ros_driver/local/lib/python3.10/dist-packages/hesai_ros_driver/__init__.py
[30.338s] -- Installing: /home/khj/25project_ws/ros2/install/hesai_ros_driver/local/lib/python3.10/dist-packages/hesai_ros_driver/hesai_ros_driver_s__rosidl_typesupport_fastrtps_c.cpython-310-x86_64-linux-gnu.so
[30.338s] -- Installing: /home/khj/25project_ws/ros2/install/hesai_ros_driver/local/lib/python3.10/dist-packages/hesai_ros_driver/hesai_ros_driver_s__rosidl_typesupport_introspection_c.cpython-310-x86_64-linux-gnu.so
[30.338s] -- Installing: /home/khj/25project_ws/ros2/install/hesai_ros_driver/local/lib/python3.10/dist-packages/hesai_ros_driver/_hesai_ros_driver_s.ep.rosidl_typesupport_c.c
[30.338s] -- Installing: /home/khj/25project_ws/ros2/install/hesai_ros_driver/local/lib/python3.10/dist-packages/hesai_ros_driver/hesai_ros_driver_s__rosidl_typesupport_c.cpython-310-x86_64-linux-gnu.so
[30.338s] -- Installing: /home/khj/25project_ws/ros2/install/hesai_ros_driver/local/lib/python3.10/dist-packages/hesai_ros_driver/_hesai_ros_driver_s.ep.rosidl_typesupport_introspection_c.c
[30.338s] -- Installing: /home/khj/25project_ws/ros2/install/hesai_ros_driver/local/lib/python3.10/dist-packages/hesai_ros_driver/msg
[30.339s] -- Installing: /home/khj/25project_ws/ros2/install/hesai_ros_driver/local/lib/python3.10/dist-packages/hesai_ros_driver/msg/_firetime.py
[30.339s] -- Installing: /home/khj/25project_ws/ros2/install/hesai_ros_driver/local/lib/python3.10/dist-packages/hesai_ros_driver/msg/_loss_packet.py
[30.339s] -- Installing: /home/khj/25project_ws/ros2/install/hesai_ros_driver/local/lib/python3.10/dist-packages/hesai_ros_driver/msg/_loss_packet_s.c
[30.339s] -- Installing: /home/khj/25project_ws/ros2/install/hesai_ros_driver/local/lib/python3.10/dist-packages/hesai_ros_driver/msg/_udp_frame.py
[30.339s] -- Installing: /home/khj/25project_ws/ros2/install/hesai_ros_driver/local/lib/python3.10/dist-packages/hesai_ros_driver/msg/__init__.py
[30.339s] -- Installing: /home/khj/25project_ws/ros2/install/hesai_ros_driver/local/lib/python3.10/dist-packages/hesai_ros_driver/msg/_ptp.py
[30.339s] -- Installing: /home/khj/25project_ws/ros2/install/hesai_ros_driver/local/lib/python3.10/dist-packages/hesai_ros_driver/msg/_ptp_s.c
[30.339s] -- Installing: /home/khj/25project_ws/ros2/install/hesai_ros_driver/local/lib/python3.10/dist-packages/hesai_ros_driver/msg/_firetime_s.c
[30.339s] -- Installing: /home/khj/25project_ws/ros2/install/hesai_ros_driver/local/lib/python3.10/dist-packages/hesai_ros_driver/msg/_udp_packet.py
[30.339s] -- Installing: /home/khj/25project_ws/ros2/install/hesai_ros_driver/local/lib/python3.10/dist-packages/hesai_ros_driver/msg/_udp_packet_s.c
[30.339s] -- Installing: /home/khj/25project_ws/ros2/install/hesai_ros_driver/local/lib/python3.10/dist-packages/hesai_ros_driver/msg/_udp_frame_s.c
[30.339s] -- Installing: /home/khj/25project_ws/ros2/install/hesai_ros_driver/local/lib/python3.10/dist-packages/hesai_ros_driver/libhesai_ros_driver__rosidl_generator_py.so
[30.410s] Listing '/home/khj/25project_ws/ros2/install/hesai_ros_driver/local/lib/python3.10/dist-packages/hesai_ros_driver'...
[30.410s] Compiling '/home/khj/25project_ws/ros2/install/hesai_ros_driver/local/lib/python3.10/dist-packages/hesai_ros_driver/__init__.py'...
[30.411s] Listing '/home/khj/25project_ws/ros2/install/hesai_ros_driver/local/lib/python3.10/dist-packages/hesai_ros_driver/msg'...
[30.411s] Compiling '/home/khj/25project_ws/ros2/install/hesai_ros_driver/local/lib/python3.10/dist-packages/hesai_ros_driver/msg/__init__.py'...
[30.411s] Compiling '/home/khj/25project_ws/ros2/install/hesai_ros_driver/local/lib/python3.10/dist-packages/hesai_ros_driver/msg/_firetime.py'...
[30.411s] Compiling '/home/khj/25project_ws/ros2/install/hesai_ros_driver/local/lib/python3.10/dist-packages/hesai_ros_driver/msg/_loss_packet.py'...
[30.411s] Compiling '/home/khj/25project_ws/ros2/install/hesai_ros_driver/local/lib/python3.10/dist-packages/hesai_ros_driver/msg/_ptp.py'...
[30.411s] Compiling '/home/khj/25project_ws/ros2/install/hesai_ros_driver/local/lib/python3.10/dist-packages/hesai_ros_driver/msg/_udp_frame.py'...
[30.411s] Compiling '/home/khj/25project_ws/ros2/install/hesai_ros_driver/local/lib/python3.10/dist-packages/hesai_ros_driver/msg/_udp_packet.py'...
[30.414s] -- Installing: /home/khj/25project_ws/ros2/install/hesai_ros_driver/local/lib/python3.10/dist-packages/hesai_ros_driver/hesai_ros_driver_s__rosidl_typesupport_fastrtps_c.cpython-310-x86_64-linux-gnu.so
[30.414s] -- Set non-toolchain portion of runtime path of "/home/khj/25project_ws/ros2/install/hesai_ros_driver/local/lib/python3.10/dist-packages/hesai_ros_driver/hesai_ros_driver_s__rosidl_typesupport_fastrtps_c.cpython-310-x86_64-linux-gnu.so" to ""
[30.414s] -- Installing: /home/khj/25project_ws/ros2/install/hesai_ros_driver/local/lib/python3.10/dist-packages/hesai_ros_driver/hesai_ros_driver_s__rosidl_typesupport_introspection_c.cpython-310-x86_64-linux-gnu.so
[30.414s] -- Set non-toolchain portion of runtime path of "/home/khj/25project_ws/ros2/install/hesai_ros_driver/local/lib/python3.10/dist-packages/hesai_ros_driver/hesai_ros_driver_s__rosidl_typesupport_introspection_c.cpython-310-x86_64-linux-gnu.so" to ""
[30.414s] -- Installing: /home/khj/25project_ws/ros2/install/hesai_ros_driver/local/lib/python3.10/dist-packages/hesai_ros_driver/hesai_ros_driver_s__rosidl_typesupport_c.cpython-310-x86_64-linux-gnu.so
[30.414s] -- Set non-toolchain portion of runtime path of "/home/khj/25project_ws/ros2/install/hesai_ros_driver/local/lib/python3.10/dist-packages/hesai_ros_driver/hesai_ros_driver_s__rosidl_typesupport_c.cpython-310-x86_64-linux-gnu.so" to ""
[30.415s] -- Installing: /home/khj/25project_ws/ros2/install/hesai_ros_driver/lib/libhesai_ros_driver__rosidl_generator_py.so
[30.415s] -- Set non-toolchain portion of runtime path of "/home/khj/25project_ws/ros2/install/hesai_ros_driver/lib/libhesai_ros_driver__rosidl_generator_py.so" to ""
[30.415s] -- Installing: /home/khj/25project_ws/ros2/install/hesai_ros_driver/share/hesai_ros_driver/msg/UdpPacket.idl
[30.415s] -- Installing: /home/khj/25project_ws/ros2/install/hesai_ros_driver/share/hesai_ros_driver/msg/UdpFrame.idl
[30.415s] -- Installing: /home/khj/25project_ws/ros2/install/hesai_ros_driver/share/hesai_ros_driver/msg/Firetime.idl
[30.415s] -- Installing: /home/khj/25project_ws/ros2/install/hesai_ros_driver/share/hesai_ros_driver/msg/Ptp.idl
[30.415s] -- Installing: /home/khj/25project_ws/ros2/install/hesai_ros_driver/share/hesai_ros_driver/msg/LossPacket.idl
[30.415s] -- Installing: /home/khj/25project_ws/ros2/install/hesai_ros_driver/share/hesai_ros_driver/msg_ros2/UdpPacket.msg
[30.415s] -- Installing: /home/khj/25project_ws/ros2/install/hesai_ros_driver/share/hesai_ros_driver/msg_ros2/UdpFrame.msg
[30.415s] -- Installing: /home/khj/25project_ws/ros2/install/hesai_ros_driver/share/hesai_ros_driver/msg_ros2/Firetime.msg
[30.415s] -- Installing: /home/khj/25project_ws/ros2/install/hesai_ros_driver/share/hesai_ros_driver/msg_ros2/Ptp.msg
[30.415s] -- Installing: /home/khj/25project_ws/ros2/install/hesai_ros_driver/share/hesai_ros_driver/msg_ros2/LossPacket.msg
[30.415s] -- Installing: /home/khj/25project_ws/ros2/install/hesai_ros_driver/lib/hesai_ros_driver/hesai_ros_driver_node
[30.417s] -- Set non-toolchain portion of runtime path of "/home/khj/25project_ws/ros2/install/hesai_ros_driver/lib/hesai_ros_driver/hesai_ros_driver_node" to ""
[30.417s] -- Installing: /home/khj/25project_ws/ros2/install/hesai_ros_driver/lib/libhesai_sdk_lib.so
[30.417s] -- Set non-toolchain portion of runtime path of "/home/khj/25project_ws/ros2/install/hesai_ros_driver/lib/libhesai_sdk_lib.so" to ""
[30.417s] -- Installing: /home/khj/25project_ws/ros2/install/hesai_ros_driver/lib/liblog_lib.so
[30.417s] -- Installing: /home/khj/25project_ws/ros2/install/hesai_ros_driver/lib/liblidar_lib.so
[30.417s] -- Set non-toolchain portion of runtime path of "/home/khj/25project_ws/ros2/install/hesai_ros_driver/lib/liblidar_lib.so" to ""
[30.417s] -- Installing: /home/khj/25project_ws/ros2/install/hesai_ros_driver/lib/libptcClient_lib.so
[30.417s] -- Set non-toolchain portion of runtime path of "/home/khj/25project_ws/ros2/install/hesai_ros_driver/lib/libptcClient_lib.so" to ""
[30.417s] -- Installing: /home/khj/25project_ws/ros2/install/hesai_ros_driver/lib/libsource_lib.so
[30.417s] -- Set non-toolchain portion of runtime path of "/home/khj/25project_ws/ros2/install/hesai_ros_driver/lib/libsource_lib.so" to ""
[30.418s] -- Installing: /home/khj/25project_ws/ros2/install/hesai_ros_driver/lib/libplatutils_lib.so
[30.418s] -- Set non-toolchain portion of runtime path of "/home/khj/25project_ws/ros2/install/hesai_ros_driver/lib/libplatutils_lib.so" to ""
[30.418s] -- Installing: /home/khj/25project_ws/ros2/install/hesai_ros_driver/lib/libserialClient_lib.so
[30.418s] -- Set non-toolchain portion of runtime path of "/home/khj/25project_ws/ros2/install/hesai_ros_driver/lib/libserialClient_lib.so" to ""
[30.418s] -- Installing: /home/khj/25project_ws/ros2/install/hesai_ros_driver/lib/libudpParser_lib.so
[30.418s] -- Set non-toolchain portion of runtime path of "/home/khj/25project_ws/ros2/install/hesai_ros_driver/lib/libudpParser_lib.so" to ""
[30.418s] -- Installing: /home/khj/25project_ws/ros2/install/hesai_ros_driver/share/hesai_ros_driver/launch
[30.418s] -- Installing: /home/khj/25project_ws/ros2/install/hesai_ros_driver/share/hesai_ros_driver/launch/dashing_start.py
[30.418s] -- Installing: /home/khj/25project_ws/ros2/install/hesai_ros_driver/share/hesai_ros_driver/launch/start.launch
[30.418s] -- Installing: /home/khj/25project_ws/ros2/install/hesai_ros_driver/share/hesai_ros_driver/launch/start.py
[30.418s] -- Installing: /home/khj/25project_ws/ros2/install/hesai_ros_driver/share/hesai_ros_driver/rviz
[30.418s] -- Installing: /home/khj/25project_ws/ros2/install/hesai_ros_driver/share/hesai_ros_driver/rviz/rviz2.rviz
[30.418s] -- Installing: /home/khj/25project_ws/ros2/install/hesai_ros_driver/share/hesai_ros_driver/rviz/rviz.rviz
[30.418s] -- Installing: /home/khj/25project_ws/ros2/install/hesai_ros_driver/share/ament_index/resource_index/package_run_dependencies/hesai_ros_driver
[30.418s] -- Installing: /home/khj/25project_ws/ros2/install/hesai_ros_driver/share/ament_index/resource_index/parent_prefix_path/hesai_ros_driver
[30.418s] -- Installing: /home/khj/25project_ws/ros2/install/hesai_ros_driver/share/hesai_ros_driver/environment/ament_prefix_path.sh
[30.419s] -- Installing: /home/khj/25project_ws/ros2/install/hesai_ros_driver/share/hesai_ros_driver/environment/ament_prefix_path.dsv
[30.419s] -- Installing: /home/khj/25project_ws/ros2/install/hesai_ros_driver/share/hesai_ros_driver/environment/path.sh
[30.419s] -- Installing: /home/khj/25project_ws/ros2/install/hesai_ros_driver/share/hesai_ros_driver/environment/path.dsv
[30.419s] -- Installing: /home/khj/25project_ws/ros2/install/hesai_ros_driver/share/hesai_ros_driver/local_setup.bash
[30.419s] -- Installing: /home/khj/25project_ws/ros2/install/hesai_ros_driver/share/hesai_ros_driver/local_setup.sh
[30.419s] -- Installing: /home/khj/25project_ws/ros2/install/hesai_ros_driver/share/hesai_ros_driver/local_setup.zsh
[30.419s] -- Installing: /home/khj/25project_ws/ros2/install/hesai_ros_driver/share/hesai_ros_driver/local_setup.dsv
[30.419s] -- Installing: /home/khj/25project_ws/ros2/install/hesai_ros_driver/share/hesai_ros_driver/package.dsv
[30.419s] -- Installing: /home/khj/25project_ws/ros2/install/hesai_ros_driver/share/ament_index/resource_index/packages/hesai_ros_driver
[30.419s] -- Installing: /home/khj/25project_ws/ros2/install/hesai_ros_driver/share/hesai_ros_driver/cmake/export_hesai_ros_driver__rosidl_generator_cExport.cmake
[30.419s] -- Installing: /home/khj/25project_ws/ros2/install/hesai_ros_driver/share/hesai_ros_driver/cmake/export_hesai_ros_driver__rosidl_generator_cExport-release.cmake
[30.419s] -- Installing: /home/khj/25project_ws/ros2/install/hesai_ros_driver/share/hesai_ros_driver/cmake/export_hesai_ros_driver__rosidl_typesupport_fastrtps_cExport.cmake
[30.419s] -- Installing: /home/khj/25project_ws/ros2/install/hesai_ros_driver/share/hesai_ros_driver/cmake/export_hesai_ros_driver__rosidl_typesupport_fastrtps_cExport-release.cmake
[30.419s] -- Installing: /home/khj/25project_ws/ros2/install/hesai_ros_driver/share/hesai_ros_driver/cmake/export_hesai_ros_driver__rosidl_generator_cppExport.cmake
[30.419s] -- Installing: /home/khj/25project_ws/ros2/install/hesai_ros_driver/share/hesai_ros_driver/cmake/export_hesai_ros_driver__rosidl_typesupport_fastrtps_cppExport.cmake
[30.419s] -- Installing: /home/khj/25project_ws/ros2/install/hesai_ros_driver/share/hesai_ros_driver/cmake/export_hesai_ros_driver__rosidl_typesupport_fastrtps_cppExport-release.cmake
[30.419s] -- Installing: /home/khj/25project_ws/ros2/install/hesai_ros_driver/share/hesai_ros_driver/cmake/hesai_ros_driver__rosidl_typesupport_introspection_cExport.cmake
[30.420s] -- Installing: /home/khj/25project_ws/ros2/install/hesai_ros_driver/share/hesai_ros_driver/cmake/hesai_ros_driver__rosidl_typesupport_introspection_cExport-release.cmake
[30.420s] -- Installing: /home/khj/25project_ws/ros2/install/hesai_ros_driver/share/hesai_ros_driver/cmake/hesai_ros_driver__rosidl_typesupport_cExport.cmake
[30.420s] -- Installing: /home/khj/25project_ws/ros2/install/hesai_ros_driver/share/hesai_ros_driver/cmake/hesai_ros_driver__rosidl_typesupport_cExport-release.cmake
[30.420s] -- Installing: /home/khj/25project_ws/ros2/install/hesai_ros_driver/share/hesai_ros_driver/cmake/hesai_ros_driver__rosidl_typesupport_introspection_cppExport.cmake
[30.420s] -- Installing: /home/khj/25project_ws/ros2/install/hesai_ros_driver/share/hesai_ros_driver/cmake/hesai_ros_driver__rosidl_typesupport_introspection_cppExport-release.cmake
[30.420s] -- Installing: /home/khj/25project_ws/ros2/install/hesai_ros_driver/share/hesai_ros_driver/cmake/hesai_ros_driver__rosidl_typesupport_cppExport.cmake
[30.420s] -- Installing: /home/khj/25project_ws/ros2/install/hesai_ros_driver/share/hesai_ros_driver/cmake/hesai_ros_driver__rosidl_typesupport_cppExport-release.cmake
[30.420s] -- Installing: /home/khj/25project_ws/ros2/install/hesai_ros_driver/share/hesai_ros_driver/cmake/export_hesai_ros_driver__rosidl_generator_pyExport.cmake
[30.420s] -- Installing: /home/khj/25project_ws/ros2/install/hesai_ros_driver/share/hesai_ros_driver/cmake/export_hesai_ros_driver__rosidl_generator_pyExport-release.cmake
[30.420s] -- Installing: /home/khj/25project_ws/ros2/install/hesai_ros_driver/share/hesai_ros_driver/cmake/rosidl_cmake-extras.cmake
[30.420s] -- Installing: /home/khj/25project_ws/ros2/install/hesai_ros_driver/share/hesai_ros_driver/cmake/ament_cmake_export_dependencies-extras.cmake
[30.420s] -- Installing: /home/khj/25project_ws/ros2/install/hesai_ros_driver/share/hesai_ros_driver/cmake/ament_cmake_export_include_directories-extras.cmake
[30.420s] -- Installing: /home/khj/25project_ws/ros2/install/hesai_ros_driver/share/hesai_ros_driver/cmake/ament_cmake_export_libraries-extras.cmake
[30.420s] -- Installing: /home/khj/25project_ws/ros2/install/hesai_ros_driver/share/hesai_ros_driver/cmake/ament_cmake_export_targets-extras.cmake
[30.420s] -- Installing: /home/khj/25project_ws/ros2/install/hesai_ros_driver/share/hesai_ros_driver/cmake/rosidl_cmake_export_typesupport_targets-extras.cmake
[30.420s] -- Installing: /home/khj/25project_ws/ros2/install/hesai_ros_driver/share/hesai_ros_driver/cmake/rosidl_cmake_export_typesupport_libraries-extras.cmake
[30.420s] -- Installing: /home/khj/25project_ws/ros2/install/hesai_ros_driver/share/hesai_ros_driver/cmake/hesai_ros_driverConfig.cmake
[30.420s] -- Installing: /home/khj/25project_ws/ros2/install/hesai_ros_driver/share/hesai_ros_driver/cmake/hesai_ros_driverConfig-version.cmake
[30.420s] -- Installing: /home/khj/25project_ws/ros2/install/hesai_ros_driver/share/hesai_ros_driver/package.xml
[30.422s] Invoked command in '/home/khj/25project_ws/ros2/build/hesai_ros_driver' returned '0': CMAKE_PREFIX_PATH=${CMAKE_PREFIX_PATH}:/home/khj/carla-ros-bridge/install/tracetools_image_pipeline:/home/khj/carla-ros-bridge/install/sensor_calibration_manager:/home/khj/carla-ros-bridge/install/tier4_tag_utils:/home/khj/carla-ros-bridge/install/tier4_api_utils:/home/khj/carla-ros-bridge/install/interactive_camera_lidar_calibrator:/home/khj/carla-ros-bridge/install/tier4_calibration_views:/home/khj/carla-ros-bridge/install/tier4_calibration_pcl_extensions:/home/khj/carla-ros-bridge/install/intrinsic_camera_calibrator:/home/khj/carla-ros-bridge/install/rqt_carla_control:/home/khj/carla-ros-bridge/install/carla_waypoint_publisher:/home/khj/carla-ros-bridge/install/carla_ackermann_control:/home/khj/carla-ros-bridge/install/carla_ros_bridge:/home/khj/carla-ros-bridge/install/carla_spawn_objects:/home/khj/carla-ros-bridge/install/carla_manual_control:/home/khj/carla-ros-bridge/install/carla_ad_agent:/home/khj/carla-ros-bridge/install/ros_compatibility:/home/khj/carla-ros-bridge/install/perception_utils:/home/khj/carla-ros-bridge/install/pcl_conversions:/home/khj/carla-ros-bridge/install/carla_walker_agent:/home/khj/carla-ros-bridge/install/carla_twist_to_control:/home/khj/carla-ros-bridge/install/carla_ros_scenario_runner:/home/khj/carla-ros-bridge/install/carla_common:/home/khj/carla-ros-bridge/install/camera_calibration:/home/khj/carla-ros-bridge/install/autoware_utils:/home/khj/carla-ros-bridge/install/autoware_topic_state_monitor:/home/khj/carla-ros-bridge/install/autoware_internal_planning_msgs:/home/khj/carla-ros-bridge/install/autoware_lint_common:/home/khj/carla-ros-bridge/install/autoware_learning_based_vehicle_model:/home/khj/carla-ros-bridge/install/autoware_common_msgs:/home/khj/carla-ros-bridge/install/autoware_adapi_visualizers:/opt/ros/humble /usr/local/bin/cmake --install /home/khj/25project_ws/ros2/build/hesai_ros_driver
