[0.096s] DEBUG:colcon:Command line arguments: ['/usr/bin/colcon', 'build']
[0.096s] DEBUG:colcon:Parsed command line arguments: Namespace(log_base=None, log_level=None, verb_name='build', build_base='build', install_base='install', merge_install=False, symlink_install=False, test_result_base=None, continue_on_error=False, executor='parallel', parallel_workers=32, event_handlers=None, ignore_user_meta=False, metas=['./colcon.meta'], base_paths=['.'], packages_ignore=None, packages_ignore_regex=None, paths=None, packages_up_to=None, packages_up_to_regex=None, packages_above=None, packages_above_and_dependencies=None, packages_above_depth=None, packages_select_by_dep=None, packages_skip_by_dep=None, packages_skip_up_to=None, packages_select_build_failed=False, packages_skip_build_finished=False, packages_select_test_failures=False, packages_skip_test_passed=False, packages_select=None, packages_skip=None, packages_select_regex=None, packages_skip_regex=None, packages_start=None, packages_end=None, allow_overriding=[], cmake_args=None, cmake_target=None, cmake_target_skip_unavailable=False, cmake_clean_cache=False, cmake_clean_first=False, cmake_force_configure=False, ament_cmake_args=None, catkin_cmake_args=None, catkin_skip_building_tests=False, mixin_files=None, mixin=None, verb_parser=<colcon_mixin.mixin.mixin_argument.MixinArgumentDecorator object at 0x7c6af42f2f50>, verb_extension=<colcon_core.verb.build.BuildVerb object at 0x7c6af42f22f0>, main=<bound method BuildVerb.main of <colcon_core.verb.build.BuildVerb object at 0x7c6af42f22f0>>, mixin_verb=('build',))
[0.292s] Level 1:colcon.colcon_core.package_discovery:discover_packages(colcon_meta) check parameters
[0.293s] Level 1:colcon.colcon_core.package_discovery:discover_packages(recursive) check parameters
[0.293s] Level 1:colcon.colcon_core.package_discovery:discover_packages(ignore) check parameters
[0.293s] Level 1:colcon.colcon_core.package_discovery:discover_packages(path) check parameters
[0.293s] Level 1:colcon.colcon_core.package_discovery:discover_packages(colcon_meta) discover
[0.293s] Level 1:colcon.colcon_core.package_discovery:discover_packages(recursive) discover
[0.293s] INFO:colcon.colcon_core.package_discovery:Crawling recursively for packages in '/home/khj/25project_ws/ros2'
[0.293s] Level 1:colcon.colcon_core.package_identification:_identify(.) by extensions ['ignore', 'ignore_ament_install']
[0.293s] Level 1:colcon.colcon_core.package_identification:_identify(.) by extension 'ignore'
[0.293s] Level 1:colcon.colcon_core.package_identification:_identify(.) by extension 'ignore_ament_install'
[0.293s] Level 1:colcon.colcon_core.package_identification:_identify(.) by extensions ['colcon_pkg']
[0.293s] Level 1:colcon.colcon_core.package_identification:_identify(.) by extension 'colcon_pkg'
[0.293s] Level 1:colcon.colcon_core.package_identification:_identify(.) by extensions ['colcon_meta']
[0.293s] Level 1:colcon.colcon_core.package_identification:_identify(.) by extension 'colcon_meta'
[0.293s] Level 1:colcon.colcon_core.package_identification:_identify(.) by extensions ['ros']
[0.293s] Level 1:colcon.colcon_core.package_identification:_identify(.) by extension 'ros'
[0.301s] Level 1:colcon.colcon_core.package_identification:_identify(.) by extensions ['cmake', 'python']
[0.301s] Level 1:colcon.colcon_core.package_identification:_identify(.) by extension 'cmake'
[0.301s] Level 1:colcon.colcon_core.package_identification:_identify(.) by extension 'python'
[0.301s] Level 1:colcon.colcon_core.package_identification:_identify(.) by extensions ['python_setup_py']
[0.301s] Level 1:colcon.colcon_core.package_identification:_identify(.) by extension 'python_setup_py'
[0.301s] Level 1:colcon.colcon_core.package_identification:_identify(build) by extensions ['ignore', 'ignore_ament_install']
[0.301s] Level 1:colcon.colcon_core.package_identification:_identify(build) by extension 'ignore'
[0.301s] Level 1:colcon.colcon_core.package_identification:_identify(build) ignored
[0.301s] Level 1:colcon.colcon_core.package_identification:_identify(install) by extensions ['ignore', 'ignore_ament_install']
[0.301s] Level 1:colcon.colcon_core.package_identification:_identify(install) by extension 'ignore'
[0.301s] Level 1:colcon.colcon_core.package_identification:_identify(install) ignored
[0.301s] Level 1:colcon.colcon_core.package_identification:_identify(log) by extensions ['ignore', 'ignore_ament_install']
[0.302s] Level 1:colcon.colcon_core.package_identification:_identify(log) by extension 'ignore'
[0.302s] Level 1:colcon.colcon_core.package_identification:_identify(log) ignored
[0.302s] Level 1:colcon.colcon_core.package_identification:_identify(src) by extensions ['ignore', 'ignore_ament_install']
[0.302s] Level 1:colcon.colcon_core.package_identification:_identify(src) by extension 'ignore'
[0.302s] Level 1:colcon.colcon_core.package_identification:_identify(src) by extension 'ignore_ament_install'
[0.302s] Level 1:colcon.colcon_core.package_identification:_identify(src) by extensions ['colcon_pkg']
[0.302s] Level 1:colcon.colcon_core.package_identification:_identify(src) by extension 'colcon_pkg'
[0.302s] Level 1:colcon.colcon_core.package_identification:_identify(src) by extensions ['colcon_meta']
[0.302s] Level 1:colcon.colcon_core.package_identification:_identify(src) by extension 'colcon_meta'
[0.302s] Level 1:colcon.colcon_core.package_identification:_identify(src) by extensions ['ros']
[0.302s] Level 1:colcon.colcon_core.package_identification:_identify(src) by extension 'ros'
[0.302s] Level 1:colcon.colcon_core.package_identification:_identify(src) by extensions ['cmake', 'python']
[0.302s] Level 1:colcon.colcon_core.package_identification:_identify(src) by extension 'cmake'
[0.302s] Level 1:colcon.colcon_core.package_identification:_identify(src) by extension 'python'
[0.302s] Level 1:colcon.colcon_core.package_identification:_identify(src) by extensions ['python_setup_py']
[0.302s] Level 1:colcon.colcon_core.package_identification:_identify(src) by extension 'python_setup_py'
[0.302s] Level 1:colcon.colcon_core.package_identification:_identify(src/HesaiLidar_ROS_2.0) by extensions ['ignore', 'ignore_ament_install']
[0.302s] Level 1:colcon.colcon_core.package_identification:_identify(src/HesaiLidar_ROS_2.0) by extension 'ignore'
[0.302s] Level 1:colcon.colcon_core.package_identification:_identify(src/HesaiLidar_ROS_2.0) by extension 'ignore_ament_install'
[0.302s] Level 1:colcon.colcon_core.package_identification:_identify(src/HesaiLidar_ROS_2.0) by extensions ['colcon_pkg']
[0.302s] Level 1:colcon.colcon_core.package_identification:_identify(src/HesaiLidar_ROS_2.0) by extension 'colcon_pkg'
[0.302s] Level 1:colcon.colcon_core.package_identification:_identify(src/HesaiLidar_ROS_2.0) by extensions ['colcon_meta']
[0.302s] Level 1:colcon.colcon_core.package_identification:_identify(src/HesaiLidar_ROS_2.0) by extension 'colcon_meta'
[0.302s] Level 1:colcon.colcon_core.package_identification:_identify(src/HesaiLidar_ROS_2.0) by extensions ['ros']
[0.302s] Level 1:colcon.colcon_core.package_identification:_identify(src/HesaiLidar_ROS_2.0) by extension 'ros'
[0.309s] DEBUG:colcon.colcon_core.package_identification:Package 'src/HesaiLidar_ROS_2.0' with type 'ros.ament_cmake' and name 'hesai_ros_driver'
[0.309s] Level 1:colcon.colcon_core.package_discovery:discover_packages(recursive) using defaults
[0.309s] Level 1:colcon.colcon_core.package_discovery:discover_packages(ignore) discover
[0.309s] Level 1:colcon.colcon_core.package_discovery:discover_packages(ignore) using defaults
[0.309s] Level 1:colcon.colcon_core.package_discovery:discover_packages(path) discover
[0.309s] Level 1:colcon.colcon_core.package_discovery:discover_packages(path) using defaults
[0.328s] Level 1:colcon.colcon_core.package_discovery:discover_packages(prefix_path) check parameters
[0.328s] Level 1:colcon.colcon_core.package_discovery:discover_packages(prefix_path) discover
[0.332s] DEBUG:colcon.colcon_installed_package_information.package_discovery:Found 118 installed packages in /home/khj/carla-ros-bridge/install
[0.334s] DEBUG:colcon.colcon_installed_package_information.package_discovery:Found 287 installed packages in /opt/ros/humble
[0.335s] Level 1:colcon.colcon_core.package_discovery:discover_packages(prefix_path) using defaults
[0.358s] Level 5:colcon.colcon_core.verb:set package 'hesai_ros_driver' build argument 'cmake_args' from command line to 'None'
[0.358s] Level 5:colcon.colcon_core.verb:set package 'hesai_ros_driver' build argument 'cmake_target' from command line to 'None'
[0.358s] Level 5:colcon.colcon_core.verb:set package 'hesai_ros_driver' build argument 'cmake_target_skip_unavailable' from command line to 'False'
[0.358s] Level 5:colcon.colcon_core.verb:set package 'hesai_ros_driver' build argument 'cmake_clean_cache' from command line to 'False'
[0.358s] Level 5:colcon.colcon_core.verb:set package 'hesai_ros_driver' build argument 'cmake_clean_first' from command line to 'False'
[0.358s] Level 5:colcon.colcon_core.verb:set package 'hesai_ros_driver' build argument 'cmake_force_configure' from command line to 'False'
[0.358s] Level 5:colcon.colcon_core.verb:set package 'hesai_ros_driver' build argument 'ament_cmake_args' from command line to 'None'
[0.358s] Level 5:colcon.colcon_core.verb:set package 'hesai_ros_driver' build argument 'catkin_cmake_args' from command line to 'None'
[0.358s] Level 5:colcon.colcon_core.verb:set package 'hesai_ros_driver' build argument 'catkin_skip_building_tests' from command line to 'False'
[0.358s] DEBUG:colcon.colcon_core.verb:Building package 'hesai_ros_driver' with the following arguments: {'ament_cmake_args': None, 'build_base': '/home/khj/25project_ws/ros2/build/hesai_ros_driver', 'catkin_cmake_args': None, 'catkin_skip_building_tests': False, 'cmake_args': None, 'cmake_clean_cache': False, 'cmake_clean_first': False, 'cmake_force_configure': False, 'cmake_target': None, 'cmake_target_skip_unavailable': False, 'install_base': '/home/khj/25project_ws/ros2/install/hesai_ros_driver', 'merge_install': False, 'path': '/home/khj/25project_ws/ros2/src/HesaiLidar_ROS_2.0', 'symlink_install': False, 'test_result_base': None}
[0.358s] INFO:colcon.colcon_core.executor:Executing jobs using 'parallel' executor
[0.359s] DEBUG:colcon.colcon_parallel_executor.executor.parallel:run_until_complete
[0.359s] INFO:colcon.colcon_ros.task.ament_cmake.build:Building ROS package in '/home/khj/25project_ws/ros2/src/HesaiLidar_ROS_2.0' with build type 'ament_cmake'
[0.359s] INFO:colcon.colcon_cmake.task.cmake.build:Building CMake package in '/home/khj/25project_ws/ros2/src/HesaiLidar_ROS_2.0'
[0.362s] INFO:colcon.colcon_core.plugin_system:Skipping extension 'colcon_core.shell.bat': Not used on non-Windows systems
[0.362s] INFO:colcon.colcon_core.shell:Skip shell extension 'powershell' for command environment: Not usable outside of PowerShell
[0.362s] DEBUG:colcon.colcon_core.shell:Skip shell extension 'dsv' for command environment
[0.375s] DEBUG:colcon.colcon_core.event_handler.log_command:Invoking command in '/home/khj/25project_ws/ros2/build/hesai_ros_driver': CMAKE_PREFIX_PATH=${CMAKE_PREFIX_PATH}:/home/khj/carla-ros-bridge/install/tracetools_image_pipeline:/home/khj/carla-ros-bridge/install/sensor_calibration_manager:/home/khj/carla-ros-bridge/install/tier4_tag_utils:/home/khj/carla-ros-bridge/install/tier4_api_utils:/home/khj/carla-ros-bridge/install/interactive_camera_lidar_calibrator:/home/khj/carla-ros-bridge/install/tier4_calibration_views:/home/khj/carla-ros-bridge/install/tier4_calibration_pcl_extensions:/home/khj/carla-ros-bridge/install/intrinsic_camera_calibrator:/home/khj/carla-ros-bridge/install/rqt_carla_control:/home/khj/carla-ros-bridge/install/carla_waypoint_publisher:/home/khj/carla-ros-bridge/install/carla_ackermann_control:/home/khj/carla-ros-bridge/install/carla_ros_bridge:/home/khj/carla-ros-bridge/install/carla_spawn_objects:/home/khj/carla-ros-bridge/install/carla_manual_control:/home/khj/carla-ros-bridge/install/carla_ad_agent:/home/khj/carla-ros-bridge/install/ros_compatibility:/home/khj/carla-ros-bridge/install/perception_utils:/home/khj/carla-ros-bridge/install/pcl_conversions:/home/khj/carla-ros-bridge/install/carla_walker_agent:/home/khj/carla-ros-bridge/install/carla_twist_to_control:/home/khj/carla-ros-bridge/install/carla_ros_scenario_runner:/home/khj/carla-ros-bridge/install/carla_common:/home/khj/carla-ros-bridge/install/camera_calibration:/home/khj/carla-ros-bridge/install/autoware_utils:/home/khj/carla-ros-bridge/install/autoware_topic_state_monitor:/home/khj/carla-ros-bridge/install/autoware_internal_planning_msgs:/home/khj/carla-ros-bridge/install/autoware_lint_common:/home/khj/carla-ros-bridge/install/autoware_learning_based_vehicle_model:/home/khj/carla-ros-bridge/install/autoware_common_msgs:/home/khj/carla-ros-bridge/install/autoware_adapi_visualizers:/opt/ros/humble /usr/local/bin/cmake /home/khj/25project_ws/ros2/src/HesaiLidar_ROS_2.0 -DCMAKE_INSTALL_PREFIX=/home/khj/25project_ws/ros2/install/hesai_ros_driver
[5.067s] DEBUG:colcon.colcon_core.event_handler.log_command:Invoked command in '/home/khj/25project_ws/ros2/build/hesai_ros_driver' returned '0': CMAKE_PREFIX_PATH=${CMAKE_PREFIX_PATH}:/home/khj/carla-ros-bridge/install/tracetools_image_pipeline:/home/khj/carla-ros-bridge/install/sensor_calibration_manager:/home/khj/carla-ros-bridge/install/tier4_tag_utils:/home/khj/carla-ros-bridge/install/tier4_api_utils:/home/khj/carla-ros-bridge/install/interactive_camera_lidar_calibrator:/home/khj/carla-ros-bridge/install/tier4_calibration_views:/home/khj/carla-ros-bridge/install/tier4_calibration_pcl_extensions:/home/khj/carla-ros-bridge/install/intrinsic_camera_calibrator:/home/khj/carla-ros-bridge/install/rqt_carla_control:/home/khj/carla-ros-bridge/install/carla_waypoint_publisher:/home/khj/carla-ros-bridge/install/carla_ackermann_control:/home/khj/carla-ros-bridge/install/carla_ros_bridge:/home/khj/carla-ros-bridge/install/carla_spawn_objects:/home/khj/carla-ros-bridge/install/carla_manual_control:/home/khj/carla-ros-bridge/install/carla_ad_agent:/home/khj/carla-ros-bridge/install/ros_compatibility:/home/khj/carla-ros-bridge/install/perception_utils:/home/khj/carla-ros-bridge/install/pcl_conversions:/home/khj/carla-ros-bridge/install/carla_walker_agent:/home/khj/carla-ros-bridge/install/carla_twist_to_control:/home/khj/carla-ros-bridge/install/carla_ros_scenario_runner:/home/khj/carla-ros-bridge/install/carla_common:/home/khj/carla-ros-bridge/install/camera_calibration:/home/khj/carla-ros-bridge/install/autoware_utils:/home/khj/carla-ros-bridge/install/autoware_topic_state_monitor:/home/khj/carla-ros-bridge/install/autoware_internal_planning_msgs:/home/khj/carla-ros-bridge/install/autoware_lint_common:/home/khj/carla-ros-bridge/install/autoware_learning_based_vehicle_model:/home/khj/carla-ros-bridge/install/autoware_common_msgs:/home/khj/carla-ros-bridge/install/autoware_adapi_visualizers:/opt/ros/humble /usr/local/bin/cmake /home/khj/25project_ws/ros2/src/HesaiLidar_ROS_2.0 -DCMAKE_INSTALL_PREFIX=/home/khj/25project_ws/ros2/install/hesai_ros_driver
[5.069s] DEBUG:colcon.colcon_core.event_handler.log_command:Invoking command in '/home/khj/25project_ws/ros2/build/hesai_ros_driver': CMAKE_PREFIX_PATH=${CMAKE_PREFIX_PATH}:/home/khj/carla-ros-bridge/install/tracetools_image_pipeline:/home/khj/carla-ros-bridge/install/sensor_calibration_manager:/home/khj/carla-ros-bridge/install/tier4_tag_utils:/home/khj/carla-ros-bridge/install/tier4_api_utils:/home/khj/carla-ros-bridge/install/interactive_camera_lidar_calibrator:/home/khj/carla-ros-bridge/install/tier4_calibration_views:/home/khj/carla-ros-bridge/install/tier4_calibration_pcl_extensions:/home/khj/carla-ros-bridge/install/intrinsic_camera_calibrator:/home/khj/carla-ros-bridge/install/rqt_carla_control:/home/khj/carla-ros-bridge/install/carla_waypoint_publisher:/home/khj/carla-ros-bridge/install/carla_ackermann_control:/home/khj/carla-ros-bridge/install/carla_ros_bridge:/home/khj/carla-ros-bridge/install/carla_spawn_objects:/home/khj/carla-ros-bridge/install/carla_manual_control:/home/khj/carla-ros-bridge/install/carla_ad_agent:/home/khj/carla-ros-bridge/install/ros_compatibility:/home/khj/carla-ros-bridge/install/perception_utils:/home/khj/carla-ros-bridge/install/pcl_conversions:/home/khj/carla-ros-bridge/install/carla_walker_agent:/home/khj/carla-ros-bridge/install/carla_twist_to_control:/home/khj/carla-ros-bridge/install/carla_ros_scenario_runner:/home/khj/carla-ros-bridge/install/carla_common:/home/khj/carla-ros-bridge/install/camera_calibration:/home/khj/carla-ros-bridge/install/autoware_utils:/home/khj/carla-ros-bridge/install/autoware_topic_state_monitor:/home/khj/carla-ros-bridge/install/autoware_internal_planning_msgs:/home/khj/carla-ros-bridge/install/autoware_lint_common:/home/khj/carla-ros-bridge/install/autoware_learning_based_vehicle_model:/home/khj/carla-ros-bridge/install/autoware_common_msgs:/home/khj/carla-ros-bridge/install/autoware_adapi_visualizers:/opt/ros/humble /usr/local/bin/cmake --build /home/khj/25project_ws/ros2/build/hesai_ros_driver -- -j32 -l32
[30.672s] DEBUG:colcon.colcon_core.event_handler.log_command:Invoked command in '/home/khj/25project_ws/ros2/build/hesai_ros_driver' returned '0': CMAKE_PREFIX_PATH=${CMAKE_PREFIX_PATH}:/home/khj/carla-ros-bridge/install/tracetools_image_pipeline:/home/khj/carla-ros-bridge/install/sensor_calibration_manager:/home/khj/carla-ros-bridge/install/tier4_tag_utils:/home/khj/carla-ros-bridge/install/tier4_api_utils:/home/khj/carla-ros-bridge/install/interactive_camera_lidar_calibrator:/home/khj/carla-ros-bridge/install/tier4_calibration_views:/home/khj/carla-ros-bridge/install/tier4_calibration_pcl_extensions:/home/khj/carla-ros-bridge/install/intrinsic_camera_calibrator:/home/khj/carla-ros-bridge/install/rqt_carla_control:/home/khj/carla-ros-bridge/install/carla_waypoint_publisher:/home/khj/carla-ros-bridge/install/carla_ackermann_control:/home/khj/carla-ros-bridge/install/carla_ros_bridge:/home/khj/carla-ros-bridge/install/carla_spawn_objects:/home/khj/carla-ros-bridge/install/carla_manual_control:/home/khj/carla-ros-bridge/install/carla_ad_agent:/home/khj/carla-ros-bridge/install/ros_compatibility:/home/khj/carla-ros-bridge/install/perception_utils:/home/khj/carla-ros-bridge/install/pcl_conversions:/home/khj/carla-ros-bridge/install/carla_walker_agent:/home/khj/carla-ros-bridge/install/carla_twist_to_control:/home/khj/carla-ros-bridge/install/carla_ros_scenario_runner:/home/khj/carla-ros-bridge/install/carla_common:/home/khj/carla-ros-bridge/install/camera_calibration:/home/khj/carla-ros-bridge/install/autoware_utils:/home/khj/carla-ros-bridge/install/autoware_topic_state_monitor:/home/khj/carla-ros-bridge/install/autoware_internal_planning_msgs:/home/khj/carla-ros-bridge/install/autoware_lint_common:/home/khj/carla-ros-bridge/install/autoware_learning_based_vehicle_model:/home/khj/carla-ros-bridge/install/autoware_common_msgs:/home/khj/carla-ros-bridge/install/autoware_adapi_visualizers:/opt/ros/humble /usr/local/bin/cmake --build /home/khj/25project_ws/ros2/build/hesai_ros_driver -- -j32 -l32
[30.682s] DEBUG:colcon.colcon_core.event_handler.log_command:Invoking command in '/home/khj/25project_ws/ros2/build/hesai_ros_driver': CMAKE_PREFIX_PATH=${CMAKE_PREFIX_PATH}:/home/khj/carla-ros-bridge/install/tracetools_image_pipeline:/home/khj/carla-ros-bridge/install/sensor_calibration_manager:/home/khj/carla-ros-bridge/install/tier4_tag_utils:/home/khj/carla-ros-bridge/install/tier4_api_utils:/home/khj/carla-ros-bridge/install/interactive_camera_lidar_calibrator:/home/khj/carla-ros-bridge/install/tier4_calibration_views:/home/khj/carla-ros-bridge/install/tier4_calibration_pcl_extensions:/home/khj/carla-ros-bridge/install/intrinsic_camera_calibrator:/home/khj/carla-ros-bridge/install/rqt_carla_control:/home/khj/carla-ros-bridge/install/carla_waypoint_publisher:/home/khj/carla-ros-bridge/install/carla_ackermann_control:/home/khj/carla-ros-bridge/install/carla_ros_bridge:/home/khj/carla-ros-bridge/install/carla_spawn_objects:/home/khj/carla-ros-bridge/install/carla_manual_control:/home/khj/carla-ros-bridge/install/carla_ad_agent:/home/khj/carla-ros-bridge/install/ros_compatibility:/home/khj/carla-ros-bridge/install/perception_utils:/home/khj/carla-ros-bridge/install/pcl_conversions:/home/khj/carla-ros-bridge/install/carla_walker_agent:/home/khj/carla-ros-bridge/install/carla_twist_to_control:/home/khj/carla-ros-bridge/install/carla_ros_scenario_runner:/home/khj/carla-ros-bridge/install/carla_common:/home/khj/carla-ros-bridge/install/camera_calibration:/home/khj/carla-ros-bridge/install/autoware_utils:/home/khj/carla-ros-bridge/install/autoware_topic_state_monitor:/home/khj/carla-ros-bridge/install/autoware_internal_planning_msgs:/home/khj/carla-ros-bridge/install/autoware_lint_common:/home/khj/carla-ros-bridge/install/autoware_learning_based_vehicle_model:/home/khj/carla-ros-bridge/install/autoware_common_msgs:/home/khj/carla-ros-bridge/install/autoware_adapi_visualizers:/opt/ros/humble /usr/local/bin/cmake --install /home/khj/25project_ws/ros2/build/hesai_ros_driver
[30.782s] Level 1:colcon.colcon_core.environment:create_environment_scripts_only(hesai_ros_driver)
[30.782s] DEBUG:colcon.colcon_core.event_handler.log_command:Invoked command in '/home/khj/25project_ws/ros2/build/hesai_ros_driver' returned '0': CMAKE_PREFIX_PATH=${CMAKE_PREFIX_PATH}:/home/khj/carla-ros-bridge/install/tracetools_image_pipeline:/home/khj/carla-ros-bridge/install/sensor_calibration_manager:/home/khj/carla-ros-bridge/install/tier4_tag_utils:/home/khj/carla-ros-bridge/install/tier4_api_utils:/home/khj/carla-ros-bridge/install/interactive_camera_lidar_calibrator:/home/khj/carla-ros-bridge/install/tier4_calibration_views:/home/khj/carla-ros-bridge/install/tier4_calibration_pcl_extensions:/home/khj/carla-ros-bridge/install/intrinsic_camera_calibrator:/home/khj/carla-ros-bridge/install/rqt_carla_control:/home/khj/carla-ros-bridge/install/carla_waypoint_publisher:/home/khj/carla-ros-bridge/install/carla_ackermann_control:/home/khj/carla-ros-bridge/install/carla_ros_bridge:/home/khj/carla-ros-bridge/install/carla_spawn_objects:/home/khj/carla-ros-bridge/install/carla_manual_control:/home/khj/carla-ros-bridge/install/carla_ad_agent:/home/khj/carla-ros-bridge/install/ros_compatibility:/home/khj/carla-ros-bridge/install/perception_utils:/home/khj/carla-ros-bridge/install/pcl_conversions:/home/khj/carla-ros-bridge/install/carla_walker_agent:/home/khj/carla-ros-bridge/install/carla_twist_to_control:/home/khj/carla-ros-bridge/install/carla_ros_scenario_runner:/home/khj/carla-ros-bridge/install/carla_common:/home/khj/carla-ros-bridge/install/camera_calibration:/home/khj/carla-ros-bridge/install/autoware_utils:/home/khj/carla-ros-bridge/install/autoware_topic_state_monitor:/home/khj/carla-ros-bridge/install/autoware_internal_planning_msgs:/home/khj/carla-ros-bridge/install/autoware_lint_common:/home/khj/carla-ros-bridge/install/autoware_learning_based_vehicle_model:/home/khj/carla-ros-bridge/install/autoware_common_msgs:/home/khj/carla-ros-bridge/install/autoware_adapi_visualizers:/opt/ros/humble /usr/local/bin/cmake --install /home/khj/25project_ws/ros2/build/hesai_ros_driver
[30.785s] Level 1:colcon.colcon_core.environment:checking '/home/khj/25project_ws/ros2/install/hesai_ros_driver' for CMake module files
[30.785s] Level 1:colcon.colcon_core.environment:checking '/home/khj/25project_ws/ros2/install/hesai_ros_driver' for CMake config files
[30.785s] Level 1:colcon.colcon_core.shell:create_environment_hook('hesai_ros_driver', 'cmake_prefix_path')
[30.785s] INFO:colcon.colcon_core.shell:Creating environment hook '/home/khj/25project_ws/ros2/install/hesai_ros_driver/share/hesai_ros_driver/hook/cmake_prefix_path.ps1'
[30.787s] INFO:colcon.colcon_core.shell:Creating environment descriptor '/home/khj/25project_ws/ros2/install/hesai_ros_driver/share/hesai_ros_driver/hook/cmake_prefix_path.dsv'
[30.788s] INFO:colcon.colcon_core.shell:Creating environment hook '/home/khj/25project_ws/ros2/install/hesai_ros_driver/share/hesai_ros_driver/hook/cmake_prefix_path.sh'
[30.789s] Level 1:colcon.colcon_core.environment:checking '/home/khj/25project_ws/ros2/install/hesai_ros_driver/lib'
[30.789s] Level 1:colcon.colcon_core.shell:create_environment_hook('hesai_ros_driver', 'ld_library_path_lib')
[30.790s] INFO:colcon.colcon_core.shell:Creating environment hook '/home/khj/25project_ws/ros2/install/hesai_ros_driver/share/hesai_ros_driver/hook/ld_library_path_lib.ps1'
[30.790s] INFO:colcon.colcon_core.shell:Creating environment descriptor '/home/khj/25project_ws/ros2/install/hesai_ros_driver/share/hesai_ros_driver/hook/ld_library_path_lib.dsv'
[30.790s] INFO:colcon.colcon_core.shell:Creating environment hook '/home/khj/25project_ws/ros2/install/hesai_ros_driver/share/hesai_ros_driver/hook/ld_library_path_lib.sh'
[30.790s] Level 1:colcon.colcon_core.environment:checking '/home/khj/25project_ws/ros2/install/hesai_ros_driver/bin'
[30.790s] Level 1:colcon.colcon_core.environment:checking '/home/khj/25project_ws/ros2/install/hesai_ros_driver/lib/pkgconfig/hesai_ros_driver.pc'
[30.790s] Level 1:colcon.colcon_core.environment:checking '/home/khj/25project_ws/ros2/install/hesai_ros_driver/lib/python3.10/site-packages'
[30.790s] Level 1:colcon.colcon_core.environment:checking '/home/khj/25project_ws/ros2/install/hesai_ros_driver/bin'
[30.791s] INFO:colcon.colcon_core.shell:Creating package script '/home/khj/25project_ws/ros2/install/hesai_ros_driver/share/hesai_ros_driver/package.ps1'
[30.791s] INFO:colcon.colcon_core.shell:Creating package descriptor '/home/khj/25project_ws/ros2/install/hesai_ros_driver/share/hesai_ros_driver/package.dsv'
[30.792s] INFO:colcon.colcon_core.shell:Creating package script '/home/khj/25project_ws/ros2/install/hesai_ros_driver/share/hesai_ros_driver/package.sh'
[30.792s] INFO:colcon.colcon_core.shell:Creating package script '/home/khj/25project_ws/ros2/install/hesai_ros_driver/share/hesai_ros_driver/package.bash'
[30.792s] INFO:colcon.colcon_core.shell:Creating package script '/home/khj/25project_ws/ros2/install/hesai_ros_driver/share/hesai_ros_driver/package.zsh'
[30.793s] Level 1:colcon.colcon_core.environment:create_file_with_runtime_dependencies(/home/khj/25project_ws/ros2/install/hesai_ros_driver/share/colcon-core/packages/hesai_ros_driver)
[30.793s] Level 1:colcon.colcon_core.environment:create_environment_scripts_only(hesai_ros_driver)
[30.793s] Level 1:colcon.colcon_core.environment:checking '/home/khj/25project_ws/ros2/install/hesai_ros_driver' for CMake module files
[30.794s] Level 1:colcon.colcon_core.environment:checking '/home/khj/25project_ws/ros2/install/hesai_ros_driver' for CMake config files
[30.794s] Level 1:colcon.colcon_core.shell:create_environment_hook('hesai_ros_driver', 'cmake_prefix_path')
[30.794s] INFO:colcon.colcon_core.shell:Creating environment hook '/home/khj/25project_ws/ros2/install/hesai_ros_driver/share/hesai_ros_driver/hook/cmake_prefix_path.ps1'
[30.794s] INFO:colcon.colcon_core.shell:Creating environment descriptor '/home/khj/25project_ws/ros2/install/hesai_ros_driver/share/hesai_ros_driver/hook/cmake_prefix_path.dsv'
[30.794s] INFO:colcon.colcon_core.shell:Creating environment hook '/home/khj/25project_ws/ros2/install/hesai_ros_driver/share/hesai_ros_driver/hook/cmake_prefix_path.sh'
[30.795s] Level 1:colcon.colcon_core.environment:checking '/home/khj/25project_ws/ros2/install/hesai_ros_driver/lib'
[30.795s] Level 1:colcon.colcon_core.shell:create_environment_hook('hesai_ros_driver', 'ld_library_path_lib')
[30.795s] INFO:colcon.colcon_core.shell:Creating environment hook '/home/khj/25project_ws/ros2/install/hesai_ros_driver/share/hesai_ros_driver/hook/ld_library_path_lib.ps1'
[30.795s] INFO:colcon.colcon_core.shell:Creating environment descriptor '/home/khj/25project_ws/ros2/install/hesai_ros_driver/share/hesai_ros_driver/hook/ld_library_path_lib.dsv'
[30.795s] INFO:colcon.colcon_core.shell:Creating environment hook '/home/khj/25project_ws/ros2/install/hesai_ros_driver/share/hesai_ros_driver/hook/ld_library_path_lib.sh'
[30.795s] Level 1:colcon.colcon_core.environment:checking '/home/khj/25project_ws/ros2/install/hesai_ros_driver/bin'
[30.795s] Level 1:colcon.colcon_core.environment:checking '/home/khj/25project_ws/ros2/install/hesai_ros_driver/lib/pkgconfig/hesai_ros_driver.pc'
[30.795s] Level 1:colcon.colcon_core.environment:checking '/home/khj/25project_ws/ros2/install/hesai_ros_driver/lib/python3.10/site-packages'
[30.796s] Level 1:colcon.colcon_core.environment:checking '/home/khj/25project_ws/ros2/install/hesai_ros_driver/bin'
[30.796s] INFO:colcon.colcon_core.shell:Creating package script '/home/khj/25project_ws/ros2/install/hesai_ros_driver/share/hesai_ros_driver/package.ps1'
[30.796s] INFO:colcon.colcon_core.shell:Creating package descriptor '/home/khj/25project_ws/ros2/install/hesai_ros_driver/share/hesai_ros_driver/package.dsv'
[30.796s] INFO:colcon.colcon_core.shell:Creating package script '/home/khj/25project_ws/ros2/install/hesai_ros_driver/share/hesai_ros_driver/package.sh'
[30.797s] INFO:colcon.colcon_core.shell:Creating package script '/home/khj/25project_ws/ros2/install/hesai_ros_driver/share/hesai_ros_driver/package.bash'
[30.797s] INFO:colcon.colcon_core.shell:Creating package script '/home/khj/25project_ws/ros2/install/hesai_ros_driver/share/hesai_ros_driver/package.zsh'
[30.797s] Level 1:colcon.colcon_core.environment:create_file_with_runtime_dependencies(/home/khj/25project_ws/ros2/install/hesai_ros_driver/share/colcon-core/packages/hesai_ros_driver)
[30.797s] DEBUG:colcon.colcon_parallel_executor.executor.parallel:closing loop
[30.797s] DEBUG:colcon.colcon_parallel_executor.executor.parallel:loop closed
[30.797s] DEBUG:colcon.colcon_parallel_executor.executor.parallel:run_until_complete finished with '0'
[30.797s] DEBUG:colcon.colcon_core.event_reactor:joining thread
[30.802s] INFO:colcon.colcon_core.plugin_system:Skipping extension 'colcon_notification.desktop_notification.terminal_notifier': Not used on non-Darwin systems
[30.803s] INFO:colcon.colcon_core.plugin_system:Skipping extension 'colcon_notification.desktop_notification.win32': Not used on non-Windows systems
[30.803s] INFO:colcon.colcon_notification.desktop_notification:Sending desktop notification using 'notify2'
[30.812s] DEBUG:colcon.colcon_core.event_reactor:joined thread
[30.812s] INFO:colcon.colcon_core.shell:Creating prefix script '/home/khj/25project_ws/ros2/install/local_setup.ps1'
[30.813s] INFO:colcon.colcon_core.shell:Creating prefix util module '/home/khj/25project_ws/ros2/install/_local_setup_util_ps1.py'
[30.814s] INFO:colcon.colcon_core.shell:Creating prefix chain script '/home/khj/25project_ws/ros2/install/setup.ps1'
[30.816s] INFO:colcon.colcon_core.shell:Creating prefix script '/home/khj/25project_ws/ros2/install/local_setup.sh'
[30.816s] INFO:colcon.colcon_core.shell:Creating prefix util module '/home/khj/25project_ws/ros2/install/_local_setup_util_sh.py'
[30.817s] INFO:colcon.colcon_core.shell:Creating prefix chain script '/home/khj/25project_ws/ros2/install/setup.sh'
[30.819s] INFO:colcon.colcon_core.shell:Creating prefix script '/home/khj/25project_ws/ros2/install/local_setup.bash'
[30.819s] INFO:colcon.colcon_core.shell:Creating prefix chain script '/home/khj/25project_ws/ros2/install/setup.bash'
[30.821s] INFO:colcon.colcon_core.shell:Creating prefix script '/home/khj/25project_ws/ros2/install/local_setup.zsh'
[30.821s] INFO:colcon.colcon_core.shell:Creating prefix chain script '/home/khj/25project_ws/ros2/install/setup.zsh'
